[2023-09-25T14:09:48.777+0000] {taskinstance.py:1157} INFO - Dependencies all met for dep_context=non-requeueable deps ti=<TaskInstance: 01-SpaceX.NASAConfirmation scheduled__2023-09-04T00:00:00+00:00 [queued]>
[2023-09-25T14:09:48.786+0000] {taskinstance.py:1157} INFO - Dependencies all met for dep_context=requeueable deps ti=<TaskInstance: 01-SpaceX.NASAConfirmation scheduled__2023-09-04T00:00:00+00:00 [queued]>
[2023-09-25T14:09:48.787+0000] {taskinstance.py:1359} INFO - Starting attempt 1 of 3
[2023-09-25T14:09:48.802+0000] {taskinstance.py:1380} INFO - Executing <Task(BashOperator): NASAConfirmation> on 2023-09-04 00:00:00+00:00
[2023-09-25T14:09:48.807+0000] {standard_task_runner.py:57} INFO - Started process 853 to run task
[2023-09-25T14:09:48.810+0000] {standard_task_runner.py:84} INFO - Running: ['***', 'tasks', 'run', '01-SpaceX', 'NASAConfirmation', 'scheduled__2023-09-04T00:00:00+00:00', '--job-id', '6', '--raw', '--subdir', 'DAGS_FOLDER/01-SpaceX.py', '--cfg-path', '/tmp/tmpk0ko7b0i']
[2023-09-25T14:09:48.812+0000] {standard_task_runner.py:85} INFO - Job 6: Subtask NASAConfirmation
[2023-09-25T14:09:48.862+0000] {task_command.py:415} INFO - Running <TaskInstance: 01-SpaceX.NASAConfirmation scheduled__2023-09-04T00:00:00+00:00 [running]> on host b8f985bf58b5
[2023-09-25T14:09:48.942+0000] {taskinstance.py:1660} INFO - Exporting env vars: AIRFLOW_CTX_DAG_OWNER='***' AIRFLOW_CTX_DAG_ID='01-SpaceX' AIRFLOW_CTX_TASK_ID='NASAConfirmation' AIRFLOW_CTX_EXECUTION_DATE='2023-09-04T00:00:00+00:00' AIRFLOW_CTX_TRY_NUMBER='1' AIRFLOW_CTX_DAG_RUN_ID='scheduled__2023-09-04T00:00:00+00:00'
[2023-09-25T14:09:48.947+0000] {subprocess.py:63} INFO - Tmp dir root location: /tmp
[2023-09-25T14:09:48.951+0000] {subprocess.py:75} INFO - Running command: ['/bin/bash', '-c', 'sleep 20 && echo "OK" >/tmp/response_20230904.txt']
[2023-09-25T14:09:48.966+0000] {subprocess.py:86} INFO - Output:
[2023-09-25T14:10:08.975+0000] {subprocess.py:97} INFO - Command exited with return code 0
[2023-09-25T14:10:09.002+0000] {taskinstance.py:1398} INFO - Marking task as SUCCESS. dag_id=01-SpaceX, task_id=NASAConfirmation, execution_date=20230904T000000, start_date=20230925T140948, end_date=20230925T141009
[2023-09-25T14:10:09.040+0000] {local_task_job_runner.py:228} INFO - Task exited with return code 0
[2023-09-25T14:10:09.054+0000] {taskinstance.py:2776} INFO - 0 downstream tasks scheduled from follow-on schedule check
[2023-09-25T14:32:02.574+0000] {taskinstance.py:1157} INFO - Dependencies all met for dep_context=non-requeueable deps ti=<TaskInstance: 01-SpaceX.NASAConfirmation scheduled__2023-09-04T00:00:00+00:00 [queued]>
[2023-09-25T14:32:02.587+0000] {taskinstance.py:1157} INFO - Dependencies all met for dep_context=requeueable deps ti=<TaskInstance: 01-SpaceX.NASAConfirmation scheduled__2023-09-04T00:00:00+00:00 [queued]>
[2023-09-25T14:32:02.588+0000] {taskinstance.py:1359} INFO - Starting attempt 1 of 3
[2023-09-25T14:32:02.603+0000] {taskinstance.py:1380} INFO - Executing <Task(BashOperator): NASAConfirmation> on 2023-09-04 00:00:00+00:00
[2023-09-25T14:32:02.609+0000] {standard_task_runner.py:57} INFO - Started process 1256 to run task
[2023-09-25T14:32:02.613+0000] {standard_task_runner.py:84} INFO - Running: ['***', 'tasks', 'run', '01-SpaceX', 'NASAConfirmation', 'scheduled__2023-09-04T00:00:00+00:00', '--job-id', '27', '--raw', '--subdir', 'DAGS_FOLDER/01-SpaceX.py', '--cfg-path', '/tmp/tmphkg_8ijf']
[2023-09-25T14:32:02.614+0000] {standard_task_runner.py:85} INFO - Job 27: Subtask NASAConfirmation
[2023-09-25T14:32:02.678+0000] {task_command.py:415} INFO - Running <TaskInstance: 01-SpaceX.NASAConfirmation scheduled__2023-09-04T00:00:00+00:00 [running]> on host b8f985bf58b5
[2023-09-25T14:32:02.780+0000] {taskinstance.py:1660} INFO - Exporting env vars: AIRFLOW_CTX_DAG_OWNER='***' AIRFLOW_CTX_DAG_ID='01-SpaceX' AIRFLOW_CTX_TASK_ID='NASAConfirmation' AIRFLOW_CTX_EXECUTION_DATE='2023-09-04T00:00:00+00:00' AIRFLOW_CTX_TRY_NUMBER='1' AIRFLOW_CTX_DAG_RUN_ID='scheduled__2023-09-04T00:00:00+00:00'
[2023-09-25T14:32:02.782+0000] {subprocess.py:63} INFO - Tmp dir root location: /tmp
[2023-09-25T14:32:02.786+0000] {subprocess.py:75} INFO - Running command: ['/bin/bash', '-c', 'sleep 20 && echo "OK" >/tmp/response_20230904.txt']
[2023-09-25T14:32:02.798+0000] {subprocess.py:86} INFO - Output:
[2023-09-25T14:32:22.848+0000] {subprocess.py:97} INFO - Command exited with return code 0
[2023-09-25T14:32:22.897+0000] {taskinstance.py:1398} INFO - Marking task as SUCCESS. dag_id=01-SpaceX, task_id=NASAConfirmation, execution_date=20230904T000000, start_date=20230925T143202, end_date=20230925T143222
[2023-09-25T14:32:22.959+0000] {local_task_job_runner.py:228} INFO - Task exited with return code 0
[2023-09-25T14:32:22.989+0000] {taskinstance.py:2776} INFO - 1 downstream tasks scheduled from follow-on schedule check
