[2023-09-25T14:09:27.408+0000] {taskinstance.py:1157} INFO - Dependencies all met for dep_context=non-requeueable deps ti=<TaskInstance: 01-SpaceX.NASAConfirmation scheduled__2023-09-03T00:00:00+00:00 [queued]>
[2023-09-25T14:09:27.418+0000] {taskinstance.py:1157} INFO - Dependencies all met for dep_context=requeueable deps ti=<TaskInstance: 01-SpaceX.NASAConfirmation scheduled__2023-09-03T00:00:00+00:00 [queued]>
[2023-09-25T14:09:27.419+0000] {taskinstance.py:1359} INFO - Starting attempt 1 of 3
[2023-09-25T14:09:27.432+0000] {taskinstance.py:1380} INFO - Executing <Task(BashOperator): NASAConfirmation> on 2023-09-03 00:00:00+00:00
[2023-09-25T14:09:27.438+0000] {standard_task_runner.py:57} INFO - Started process 841 to run task
[2023-09-25T14:09:27.442+0000] {standard_task_runner.py:84} INFO - Running: ['***', 'tasks', 'run', '01-SpaceX', 'NASAConfirmation', 'scheduled__2023-09-03T00:00:00+00:00', '--job-id', '5', '--raw', '--subdir', 'DAGS_FOLDER/01-SpaceX.py', '--cfg-path', '/tmp/tmpiu8gwjgi']
[2023-09-25T14:09:27.443+0000] {standard_task_runner.py:85} INFO - Job 5: Subtask NASAConfirmation
[2023-09-25T14:09:27.493+0000] {task_command.py:415} INFO - Running <TaskInstance: 01-SpaceX.NASAConfirmation scheduled__2023-09-03T00:00:00+00:00 [running]> on host b8f985bf58b5
[2023-09-25T14:09:27.571+0000] {taskinstance.py:1660} INFO - Exporting env vars: AIRFLOW_CTX_DAG_OWNER='***' AIRFLOW_CTX_DAG_ID='01-SpaceX' AIRFLOW_CTX_TASK_ID='NASAConfirmation' AIRFLOW_CTX_EXECUTION_DATE='2023-09-03T00:00:00+00:00' AIRFLOW_CTX_TRY_NUMBER='1' AIRFLOW_CTX_DAG_RUN_ID='scheduled__2023-09-03T00:00:00+00:00'
[2023-09-25T14:09:27.573+0000] {subprocess.py:63} INFO - Tmp dir root location: /tmp
[2023-09-25T14:09:27.575+0000] {subprocess.py:75} INFO - Running command: ['/bin/bash', '-c', 'sleep 20 && echo "OK" >/tmp/response_20230903.txt']
[2023-09-25T14:09:27.584+0000] {subprocess.py:86} INFO - Output:
[2023-09-25T14:09:47.612+0000] {subprocess.py:97} INFO - Command exited with return code 0
[2023-09-25T14:09:47.644+0000] {taskinstance.py:1398} INFO - Marking task as SUCCESS. dag_id=01-SpaceX, task_id=NASAConfirmation, execution_date=20230903T000000, start_date=20230925T140927, end_date=20230925T140947
[2023-09-25T14:09:47.700+0000] {local_task_job_runner.py:228} INFO - Task exited with return code 0
[2023-09-25T14:09:47.717+0000] {taskinstance.py:2776} INFO - 0 downstream tasks scheduled from follow-on schedule check
[2023-09-25T14:31:37.163+0000] {taskinstance.py:1157} INFO - Dependencies all met for dep_context=non-requeueable deps ti=<TaskInstance: 01-SpaceX.NASAConfirmation scheduled__2023-09-03T00:00:00+00:00 [queued]>
[2023-09-25T14:31:37.270+0000] {taskinstance.py:1157} INFO - Dependencies all met for dep_context=requeueable deps ti=<TaskInstance: 01-SpaceX.NASAConfirmation scheduled__2023-09-03T00:00:00+00:00 [queued]>
[2023-09-25T14:31:37.271+0000] {taskinstance.py:1359} INFO - Starting attempt 1 of 3
[2023-09-25T14:31:37.288+0000] {taskinstance.py:1380} INFO - Executing <Task(BashOperator): NASAConfirmation> on 2023-09-03 00:00:00+00:00
[2023-09-25T14:31:37.296+0000] {standard_task_runner.py:57} INFO - Started process 1240 to run task
[2023-09-25T14:31:37.300+0000] {standard_task_runner.py:84} INFO - Running: ['***', 'tasks', 'run', '01-SpaceX', 'NASAConfirmation', 'scheduled__2023-09-03T00:00:00+00:00', '--job-id', '25', '--raw', '--subdir', 'DAGS_FOLDER/01-SpaceX.py', '--cfg-path', '/tmp/tmpdjoq1aox']
[2023-09-25T14:31:37.302+0000] {standard_task_runner.py:85} INFO - Job 25: Subtask NASAConfirmation
[2023-09-25T14:31:37.367+0000] {task_command.py:415} INFO - Running <TaskInstance: 01-SpaceX.NASAConfirmation scheduled__2023-09-03T00:00:00+00:00 [running]> on host b8f985bf58b5
[2023-09-25T14:31:37.463+0000] {taskinstance.py:1660} INFO - Exporting env vars: AIRFLOW_CTX_DAG_OWNER='***' AIRFLOW_CTX_DAG_ID='01-SpaceX' AIRFLOW_CTX_TASK_ID='NASAConfirmation' AIRFLOW_CTX_EXECUTION_DATE='2023-09-03T00:00:00+00:00' AIRFLOW_CTX_TRY_NUMBER='1' AIRFLOW_CTX_DAG_RUN_ID='scheduled__2023-09-03T00:00:00+00:00'
[2023-09-25T14:31:37.465+0000] {subprocess.py:63} INFO - Tmp dir root location: /tmp
[2023-09-25T14:31:37.467+0000] {subprocess.py:75} INFO - Running command: ['/bin/bash', '-c', 'sleep 20 && echo "OK" >/tmp/response_20230903.txt']
[2023-09-25T14:31:37.481+0000] {subprocess.py:86} INFO - Output:
[2023-09-25T14:31:57.544+0000] {subprocess.py:97} INFO - Command exited with return code 0
[2023-09-25T14:31:57.650+0000] {taskinstance.py:1398} INFO - Marking task as SUCCESS. dag_id=01-SpaceX, task_id=NASAConfirmation, execution_date=20230903T000000, start_date=20230925T143137, end_date=20230925T143157
[2023-09-25T14:31:57.689+0000] {local_task_job_runner.py:228} INFO - Task exited with return code 0
[2023-09-25T14:31:57.729+0000] {taskinstance.py:2776} INFO - 1 downstream tasks scheduled from follow-on schedule check
[2023-09-26T09:07:32.751+0000] {taskinstance.py:1157} INFO - Dependencies all met for dep_context=non-requeueable deps ti=<TaskInstance: 01-SpaceX.NASAConfirmation scheduled__2023-09-03T00:00:00+00:00 [queued]>
[2023-09-26T09:07:32.776+0000] {taskinstance.py:1157} INFO - Dependencies all met for dep_context=requeueable deps ti=<TaskInstance: 01-SpaceX.NASAConfirmation scheduled__2023-09-03T00:00:00+00:00 [queued]>
[2023-09-26T09:07:32.777+0000] {taskinstance.py:1359} INFO - Starting attempt 1 of 3
[2023-09-26T09:07:32.802+0000] {taskinstance.py:1380} INFO - Executing <Task(BashOperator): NASAConfirmation> on 2023-09-03 00:00:00+00:00
[2023-09-26T09:07:32.811+0000] {standard_task_runner.py:57} INFO - Started process 115 to run task
[2023-09-26T09:07:32.816+0000] {standard_task_runner.py:84} INFO - Running: ['***', 'tasks', 'run', '01-SpaceX', 'NASAConfirmation', 'scheduled__2023-09-03T00:00:00+00:00', '--job-id', '40', '--raw', '--subdir', 'DAGS_FOLDER/01-SpaceX.py', '--cfg-path', '/tmp/tmpy2mdq1oo']
[2023-09-26T09:07:32.819+0000] {standard_task_runner.py:85} INFO - Job 40: Subtask NASAConfirmation
[2023-09-26T09:07:32.898+0000] {task_command.py:415} INFO - Running <TaskInstance: 01-SpaceX.NASAConfirmation scheduled__2023-09-03T00:00:00+00:00 [running]> on host b8f985bf58b5
[2023-09-26T09:07:33.016+0000] {taskinstance.py:1660} INFO - Exporting env vars: AIRFLOW_CTX_DAG_OWNER='***' AIRFLOW_CTX_DAG_ID='01-SpaceX' AIRFLOW_CTX_TASK_ID='NASAConfirmation' AIRFLOW_CTX_EXECUTION_DATE='2023-09-03T00:00:00+00:00' AIRFLOW_CTX_TRY_NUMBER='1' AIRFLOW_CTX_DAG_RUN_ID='scheduled__2023-09-03T00:00:00+00:00'
[2023-09-26T09:07:33.018+0000] {subprocess.py:63} INFO - Tmp dir root location: /tmp
[2023-09-26T09:07:33.022+0000] {subprocess.py:75} INFO - Running command: ['/bin/bash', '-c', 'sleep 20 && echo "OK" >/tmp/response_20230903.txt']
[2023-09-26T09:07:33.040+0000] {subprocess.py:86} INFO - Output:
[2023-09-26T09:07:53.049+0000] {subprocess.py:97} INFO - Command exited with return code 0
[2023-09-26T09:07:53.089+0000] {taskinstance.py:1398} INFO - Marking task as SUCCESS. dag_id=01-SpaceX, task_id=NASAConfirmation, execution_date=20230903T000000, start_date=20230926T090732, end_date=20230926T090753
[2023-09-26T09:07:53.235+0000] {local_task_job_runner.py:228} INFO - Task exited with return code 0
[2023-09-26T09:07:53.274+0000] {taskinstance.py:2776} INFO - 1 downstream tasks scheduled from follow-on schedule check
[2023-09-26T12:03:34.094+0000] {taskinstance.py:1157} INFO - Dependencies all met for dep_context=non-requeueable deps ti=<TaskInstance: 01-SpaceX.NASAConfirmation scheduled__2023-09-03T00:00:00+00:00 [queued]>
[2023-09-26T12:03:34.116+0000] {taskinstance.py:1157} INFO - Dependencies all met for dep_context=requeueable deps ti=<TaskInstance: 01-SpaceX.NASAConfirmation scheduled__2023-09-03T00:00:00+00:00 [queued]>
[2023-09-26T12:03:34.117+0000] {taskinstance.py:1359} INFO - Starting attempt 1 of 3
[2023-09-26T12:03:34.133+0000] {taskinstance.py:1380} INFO - Executing <Task(BashOperator): NASAConfirmation> on 2023-09-03 00:00:00+00:00
[2023-09-26T12:03:34.140+0000] {standard_task_runner.py:57} INFO - Started process 2805 to run task
[2023-09-26T12:03:34.145+0000] {standard_task_runner.py:84} INFO - Running: ['***', 'tasks', 'run', '01-SpaceX', 'NASAConfirmation', 'scheduled__2023-09-03T00:00:00+00:00', '--job-id', '51', '--raw', '--subdir', 'DAGS_FOLDER/01-SpaceX.py', '--cfg-path', '/tmp/tmpgp6uew5c']
[2023-09-26T12:03:34.147+0000] {standard_task_runner.py:85} INFO - Job 51: Subtask NASAConfirmation
[2023-09-26T12:03:34.205+0000] {task_command.py:415} INFO - Running <TaskInstance: 01-SpaceX.NASAConfirmation scheduled__2023-09-03T00:00:00+00:00 [running]> on host b8f985bf58b5
[2023-09-26T12:03:34.314+0000] {taskinstance.py:1660} INFO - Exporting env vars: AIRFLOW_CTX_DAG_OWNER='***' AIRFLOW_CTX_DAG_ID='01-SpaceX' AIRFLOW_CTX_TASK_ID='NASAConfirmation' AIRFLOW_CTX_EXECUTION_DATE='2023-09-03T00:00:00+00:00' AIRFLOW_CTX_TRY_NUMBER='1' AIRFLOW_CTX_DAG_RUN_ID='scheduled__2023-09-03T00:00:00+00:00'
[2023-09-26T12:03:34.318+0000] {subprocess.py:63} INFO - Tmp dir root location: /tmp
[2023-09-26T12:03:34.327+0000] {subprocess.py:75} INFO - Running command: ['/bin/bash', '-c', 'sleep 20 && echo "OK" >/tmp/response_20230903.txt']
[2023-09-26T12:03:34.344+0000] {subprocess.py:86} INFO - Output:
[2023-09-26T12:03:54.350+0000] {subprocess.py:97} INFO - Command exited with return code 0
[2023-09-26T12:03:54.382+0000] {taskinstance.py:1398} INFO - Marking task as SUCCESS. dag_id=01-SpaceX, task_id=NASAConfirmation, execution_date=20230903T000000, start_date=20230926T120334, end_date=20230926T120354
[2023-09-26T12:03:54.540+0000] {local_task_job_runner.py:228} INFO - Task exited with return code 0
[2023-09-26T12:03:54.584+0000] {taskinstance.py:2776} INFO - 1 downstream tasks scheduled from follow-on schedule check
[2023-09-26T13:26:39.127+0000] {taskinstance.py:1157} INFO - Dependencies all met for dep_context=non-requeueable deps ti=<TaskInstance: 01-SpaceX.NASAConfirmation scheduled__2023-09-03T00:00:00+00:00 [queued]>
[2023-09-26T13:26:39.246+0000] {taskinstance.py:1157} INFO - Dependencies all met for dep_context=requeueable deps ti=<TaskInstance: 01-SpaceX.NASAConfirmation scheduled__2023-09-03T00:00:00+00:00 [queued]>
[2023-09-26T13:26:39.247+0000] {taskinstance.py:1359} INFO - Starting attempt 1 of 3
[2023-09-26T13:26:39.265+0000] {taskinstance.py:1380} INFO - Executing <Task(BashOperator): NASAConfirmation> on 2023-09-03 00:00:00+00:00
[2023-09-26T13:26:39.275+0000] {standard_task_runner.py:57} INFO - Started process 211 to run task
[2023-09-26T13:26:39.278+0000] {standard_task_runner.py:84} INFO - Running: ['***', 'tasks', 'run', '01-SpaceX', 'NASAConfirmation', 'scheduled__2023-09-03T00:00:00+00:00', '--job-id', '71', '--raw', '--subdir', 'DAGS_FOLDER/01-SpaceX.py', '--cfg-path', '/tmp/tmph1dudie9']
[2023-09-26T13:26:39.282+0000] {standard_task_runner.py:85} INFO - Job 71: Subtask NASAConfirmation
[2023-09-26T13:26:39.346+0000] {task_command.py:415} INFO - Running <TaskInstance: 01-SpaceX.NASAConfirmation scheduled__2023-09-03T00:00:00+00:00 [running]> on host b8f985bf58b5
[2023-09-26T13:26:39.638+0000] {taskinstance.py:1660} INFO - Exporting env vars: AIRFLOW_CTX_DAG_OWNER='***' AIRFLOW_CTX_DAG_ID='01-SpaceX' AIRFLOW_CTX_TASK_ID='NASAConfirmation' AIRFLOW_CTX_EXECUTION_DATE='2023-09-03T00:00:00+00:00' AIRFLOW_CTX_TRY_NUMBER='1' AIRFLOW_CTX_DAG_RUN_ID='scheduled__2023-09-03T00:00:00+00:00'
[2023-09-26T13:26:39.641+0000] {subprocess.py:63} INFO - Tmp dir root location: /tmp
[2023-09-26T13:26:39.643+0000] {subprocess.py:75} INFO - Running command: ['/bin/bash', '-c', 'sleep 20 && echo "OK" >/tmp/response_20230903.txt']
[2023-09-26T13:26:39.659+0000] {subprocess.py:86} INFO - Output:
[2023-09-26T13:26:59.664+0000] {subprocess.py:97} INFO - Command exited with return code 0
[2023-09-26T13:26:59.694+0000] {taskinstance.py:1398} INFO - Marking task as SUCCESS. dag_id=01-SpaceX, task_id=NASAConfirmation, execution_date=20230903T000000, start_date=20230926T132639, end_date=20230926T132659
[2023-09-26T13:26:59.909+0000] {local_task_job_runner.py:228} INFO - Task exited with return code 0
[2023-09-26T13:26:59.950+0000] {taskinstance.py:2776} INFO - 1 downstream tasks scheduled from follow-on schedule check
