[2023-09-25T14:31:08.972+0000] {taskinstance.py:1157} INFO - Dependencies all met for dep_context=non-requeueable deps ti=<TaskInstance: 01-SpaceX.GetSpaceXData scheduled__2023-09-01T00:00:00+00:00 [queued]>
[2023-09-25T14:31:08.992+0000] {taskinstance.py:1157} INFO - Dependencies all met for dep_context=requeueable deps ti=<TaskInstance: 01-SpaceX.GetSpaceXData scheduled__2023-09-01T00:00:00+00:00 [queued]>
[2023-09-25T14:31:08.992+0000] {taskinstance.py:1359} INFO - Starting attempt 1 of 3
[2023-09-25T14:31:09.015+0000] {taskinstance.py:1380} INFO - Executing <Task(BashOperator): GetSpaceXData> on 2023-09-01 00:00:00+00:00
[2023-09-25T14:31:09.024+0000] {standard_task_runner.py:57} INFO - Started process 1228 to run task
[2023-09-25T14:31:09.029+0000] {standard_task_runner.py:84} INFO - Running: ['***', 'tasks', 'run', '01-SpaceX', 'GetSpaceXData', 'scheduled__2023-09-01T00:00:00+00:00', '--job-id', '22', '--raw', '--subdir', 'DAGS_FOLDER/01-SpaceX.py', '--cfg-path', '/tmp/tmpx74_tibo']
[2023-09-25T14:31:09.032+0000] {standard_task_runner.py:85} INFO - Job 22: Subtask GetSpaceXData
[2023-09-25T14:31:09.096+0000] {task_command.py:415} INFO - Running <TaskInstance: 01-SpaceX.GetSpaceXData scheduled__2023-09-01T00:00:00+00:00 [running]> on host b8f985bf58b5
[2023-09-25T14:31:09.185+0000] {taskinstance.py:1660} INFO - Exporting env vars: AIRFLOW_CTX_DAG_OWNER='***' AIRFLOW_CTX_DAG_ID='01-SpaceX' AIRFLOW_CTX_TASK_ID='GetSpaceXData' AIRFLOW_CTX_EXECUTION_DATE='2023-09-01T00:00:00+00:00' AIRFLOW_CTX_TRY_NUMBER='1' AIRFLOW_CTX_DAG_RUN_ID='scheduled__2023-09-01T00:00:00+00:00'
[2023-09-25T14:31:09.194+0000] {subprocess.py:63} INFO - Tmp dir root location: /tmp
[2023-09-25T14:31:09.198+0000] {subprocess.py:75} INFO - Running command: ['/bin/bash', '-c', "curl -o /tmp/history.json -L 'https://api.spacexdata.com/v4/history'"]
[2023-09-25T14:31:09.219+0000] {subprocess.py:86} INFO - Output:
[2023-09-25T14:31:09.303+0000] {subprocess.py:93} INFO -   % Total    % Received % Xferd  Average Speed   Time    Time     Time  Current
[2023-09-25T14:31:09.305+0000] {subprocess.py:93} INFO -                                  Dload  Upload   Total   Spent    Left  Speed
[2023-09-25T14:31:09.939+0000] {subprocess.py:93} INFO -   0     0    0     0    0     0      0      0 --:--:-- --:--:-- --:--:--     0  0     0    0     0    0     0      0      0 --:--:-- --:--:-- --:--:--     0100  6756    0  6756    0     0  10639      0 --:--:-- --:--:-- --:--:-- 10622
[2023-09-25T14:31:09.964+0000] {subprocess.py:97} INFO - Command exited with return code 0
[2023-09-25T14:31:10.017+0000] {taskinstance.py:1398} INFO - Marking task as SUCCESS. dag_id=01-SpaceX, task_id=GetSpaceXData, execution_date=20230901T000000, start_date=20230925T143108, end_date=20230925T143110
[2023-09-25T14:31:10.086+0000] {local_task_job_runner.py:228} INFO - Task exited with return code 0
[2023-09-25T14:31:10.108+0000] {taskinstance.py:2776} INFO - 0 downstream tasks scheduled from follow-on schedule check
[2023-09-26T09:07:04.741+0000] {taskinstance.py:1157} INFO - Dependencies all met for dep_context=non-requeueable deps ti=<TaskInstance: 01-SpaceX.GetSpaceXData scheduled__2023-09-01T00:00:00+00:00 [queued]>
[2023-09-26T09:07:04.762+0000] {taskinstance.py:1157} INFO - Dependencies all met for dep_context=requeueable deps ti=<TaskInstance: 01-SpaceX.GetSpaceXData scheduled__2023-09-01T00:00:00+00:00 [queued]>
[2023-09-26T09:07:04.763+0000] {taskinstance.py:1359} INFO - Starting attempt 1 of 3
[2023-09-26T09:07:04.779+0000] {taskinstance.py:1380} INFO - Executing <Task(BashOperator): GetSpaceXData> on 2023-09-01 00:00:00+00:00
[2023-09-26T09:07:04.786+0000] {standard_task_runner.py:57} INFO - Started process 91 to run task
[2023-09-26T09:07:04.790+0000] {standard_task_runner.py:84} INFO - Running: ['***', 'tasks', 'run', '01-SpaceX', 'GetSpaceXData', 'scheduled__2023-09-01T00:00:00+00:00', '--job-id', '36', '--raw', '--subdir', 'DAGS_FOLDER/01-SpaceX.py', '--cfg-path', '/tmp/tmphub9xw2a']
[2023-09-26T09:07:04.792+0000] {standard_task_runner.py:85} INFO - Job 36: Subtask GetSpaceXData
[2023-09-26T09:07:04.854+0000] {task_command.py:415} INFO - Running <TaskInstance: 01-SpaceX.GetSpaceXData scheduled__2023-09-01T00:00:00+00:00 [running]> on host b8f985bf58b5
[2023-09-26T09:07:04.949+0000] {taskinstance.py:1660} INFO - Exporting env vars: AIRFLOW_CTX_DAG_OWNER='***' AIRFLOW_CTX_DAG_ID='01-SpaceX' AIRFLOW_CTX_TASK_ID='GetSpaceXData' AIRFLOW_CTX_EXECUTION_DATE='2023-09-01T00:00:00+00:00' AIRFLOW_CTX_TRY_NUMBER='1' AIRFLOW_CTX_DAG_RUN_ID='scheduled__2023-09-01T00:00:00+00:00'
[2023-09-26T09:07:04.951+0000] {subprocess.py:63} INFO - Tmp dir root location: /tmp
[2023-09-26T09:07:04.953+0000] {subprocess.py:75} INFO - Running command: ['/bin/bash', '-c', "curl -o /tmp/history.json -L 'https://api.spacexdata.com/v4/history'"]
[2023-09-26T09:07:04.968+0000] {subprocess.py:86} INFO - Output:
[2023-09-26T09:07:04.980+0000] {subprocess.py:93} INFO -   % Total    % Received % Xferd  Average Speed   Time    Time     Time  Current
[2023-09-26T09:07:04.981+0000] {subprocess.py:93} INFO -                                  Dload  Upload   Total   Spent    Left  Speed
[2023-09-26T09:07:05.400+0000] {subprocess.py:93} INFO -   0     0    0     0    0     0      0      0 --:--:-- --:--:-- --:--:--     0100  6756    0  6756    0     0  16085      0 --:--:-- --:--:-- --:--:-- 16124
[2023-09-26T09:07:05.403+0000] {subprocess.py:97} INFO - Command exited with return code 0
[2023-09-26T09:07:05.436+0000] {taskinstance.py:1398} INFO - Marking task as SUCCESS. dag_id=01-SpaceX, task_id=GetSpaceXData, execution_date=20230901T000000, start_date=20230926T090704, end_date=20230926T090705
[2023-09-26T09:07:05.487+0000] {local_task_job_runner.py:228} INFO - Task exited with return code 0
[2023-09-26T09:07:05.506+0000] {taskinstance.py:2776} INFO - 0 downstream tasks scheduled from follow-on schedule check
[2023-09-26T12:03:03.738+0000] {taskinstance.py:1157} INFO - Dependencies all met for dep_context=non-requeueable deps ti=<TaskInstance: 01-SpaceX.GetSpaceXData scheduled__2023-09-01T00:00:00+00:00 [queued]>
[2023-09-26T12:03:03.758+0000] {taskinstance.py:1157} INFO - Dependencies all met for dep_context=requeueable deps ti=<TaskInstance: 01-SpaceX.GetSpaceXData scheduled__2023-09-01T00:00:00+00:00 [queued]>
[2023-09-26T12:03:03.759+0000] {taskinstance.py:1359} INFO - Starting attempt 1 of 3
[2023-09-26T12:03:03.784+0000] {taskinstance.py:1380} INFO - Executing <Task(BashOperator): GetSpaceXData> on 2023-09-01 00:00:00+00:00
[2023-09-26T12:03:03.793+0000] {standard_task_runner.py:57} INFO - Started process 2773 to run task
[2023-09-26T12:03:03.797+0000] {standard_task_runner.py:84} INFO - Running: ['***', 'tasks', 'run', '01-SpaceX', 'GetSpaceXData', 'scheduled__2023-09-01T00:00:00+00:00', '--job-id', '45', '--raw', '--subdir', 'DAGS_FOLDER/01-SpaceX.py', '--cfg-path', '/tmp/tmpe8k33awc']
[2023-09-26T12:03:03.800+0000] {standard_task_runner.py:85} INFO - Job 45: Subtask GetSpaceXData
[2023-09-26T12:03:03.873+0000] {task_command.py:415} INFO - Running <TaskInstance: 01-SpaceX.GetSpaceXData scheduled__2023-09-01T00:00:00+00:00 [running]> on host b8f985bf58b5
[2023-09-26T12:03:03.969+0000] {taskinstance.py:1660} INFO - Exporting env vars: AIRFLOW_CTX_DAG_OWNER='***' AIRFLOW_CTX_DAG_ID='01-SpaceX' AIRFLOW_CTX_TASK_ID='GetSpaceXData' AIRFLOW_CTX_EXECUTION_DATE='2023-09-01T00:00:00+00:00' AIRFLOW_CTX_TRY_NUMBER='1' AIRFLOW_CTX_DAG_RUN_ID='scheduled__2023-09-01T00:00:00+00:00'
[2023-09-26T12:03:03.975+0000] {subprocess.py:63} INFO - Tmp dir root location: /tmp
[2023-09-26T12:03:03.977+0000] {subprocess.py:75} INFO - Running command: ['/bin/bash', '-c', "curl -o /tmp/history.json -L 'https://api.spacexdata.com/v4/history'"]
[2023-09-26T12:03:03.993+0000] {subprocess.py:86} INFO - Output:
[2023-09-26T12:03:04.007+0000] {subprocess.py:93} INFO -   % Total    % Received % Xferd  Average Speed   Time    Time     Time  Current
[2023-09-26T12:03:04.008+0000] {subprocess.py:93} INFO -                                  Dload  Upload   Total   Spent    Left  Speed
[2023-09-26T12:03:04.589+0000] {subprocess.py:93} INFO -   0     0    0     0    0     0      0      0 --:--:-- --:--:-- --:--:--     0  0     0    0     0    0     0      0      0 --:--:-- --:--:-- --:--:--     0100  6756    0  6756    0     0  11608      0 --:--:-- --:--:-- --:--:-- 11588
[2023-09-26T12:03:04.593+0000] {subprocess.py:97} INFO - Command exited with return code 0
[2023-09-26T12:03:04.627+0000] {taskinstance.py:1398} INFO - Marking task as SUCCESS. dag_id=01-SpaceX, task_id=GetSpaceXData, execution_date=20230901T000000, start_date=20230926T120303, end_date=20230926T120304
[2023-09-26T12:03:04.696+0000] {local_task_job_runner.py:228} INFO - Task exited with return code 0
[2023-09-26T12:03:04.722+0000] {taskinstance.py:2776} INFO - 0 downstream tasks scheduled from follow-on schedule check
[2023-09-26T13:25:55.158+0000] {taskinstance.py:1157} INFO - Dependencies all met for dep_context=non-requeueable deps ti=<TaskInstance: 01-SpaceX.GetSpaceXData scheduled__2023-09-01T00:00:00+00:00 [queued]>
[2023-09-26T13:25:55.173+0000] {taskinstance.py:1157} INFO - Dependencies all met for dep_context=requeueable deps ti=<TaskInstance: 01-SpaceX.GetSpaceXData scheduled__2023-09-01T00:00:00+00:00 [queued]>
[2023-09-26T13:25:55.174+0000] {taskinstance.py:1359} INFO - Starting attempt 1 of 3
[2023-09-26T13:25:55.189+0000] {taskinstance.py:1380} INFO - Executing <Task(BashOperator): GetSpaceXData> on 2023-09-01 00:00:00+00:00
[2023-09-26T13:25:55.198+0000] {standard_task_runner.py:57} INFO - Started process 151 to run task
[2023-09-26T13:25:55.201+0000] {standard_task_runner.py:84} INFO - Running: ['***', 'tasks', 'run', '01-SpaceX', 'GetSpaceXData', 'scheduled__2023-09-01T00:00:00+00:00', '--job-id', '59', '--raw', '--subdir', 'DAGS_FOLDER/01-SpaceX.py', '--cfg-path', '/tmp/tmpn2c2lc6i']
[2023-09-26T13:25:55.205+0000] {standard_task_runner.py:85} INFO - Job 59: Subtask GetSpaceXData
[2023-09-26T13:25:55.263+0000] {task_command.py:415} INFO - Running <TaskInstance: 01-SpaceX.GetSpaceXData scheduled__2023-09-01T00:00:00+00:00 [running]> on host b8f985bf58b5
[2023-09-26T13:25:55.563+0000] {taskinstance.py:1660} INFO - Exporting env vars: AIRFLOW_CTX_DAG_OWNER='***' AIRFLOW_CTX_DAG_ID='01-SpaceX' AIRFLOW_CTX_TASK_ID='GetSpaceXData' AIRFLOW_CTX_EXECUTION_DATE='2023-09-01T00:00:00+00:00' AIRFLOW_CTX_TRY_NUMBER='1' AIRFLOW_CTX_DAG_RUN_ID='scheduled__2023-09-01T00:00:00+00:00'
[2023-09-26T13:25:55.565+0000] {subprocess.py:63} INFO - Tmp dir root location: /tmp
[2023-09-26T13:25:55.567+0000] {subprocess.py:75} INFO - Running command: ['/bin/bash', '-c', "curl -o /tmp/history.json -L 'https://api.spacexdata.com/v4/history'"]
[2023-09-26T13:25:55.583+0000] {subprocess.py:86} INFO - Output:
[2023-09-26T13:25:55.596+0000] {subprocess.py:93} INFO -   % Total    % Received % Xferd  Average Speed   Time    Time     Time  Current
[2023-09-26T13:25:55.597+0000] {subprocess.py:93} INFO -                                  Dload  Upload   Total   Spent    Left  Speed
[2023-09-26T13:25:55.921+0000] {subprocess.py:93} INFO -   0     0    0     0    0     0      0      0 --:--:-- --:--:-- --:--:--     0100  6756    0  6756    0     0  20787      0 --:--:-- --:--:-- --:--:-- 20787
[2023-09-26T13:25:55.924+0000] {subprocess.py:97} INFO - Command exited with return code 0
[2023-09-26T13:25:55.957+0000] {taskinstance.py:1398} INFO - Marking task as SUCCESS. dag_id=01-SpaceX, task_id=GetSpaceXData, execution_date=20230901T000000, start_date=20230926T132555, end_date=20230926T132555
[2023-09-26T13:25:56.019+0000] {local_task_job_runner.py:228} INFO - Task exited with return code 0
[2023-09-26T13:25:56.048+0000] {taskinstance.py:2776} INFO - 1 downstream tasks scheduled from follow-on schedule check
