[2023-09-25T14:10:11.335+0000] {taskinstance.py:1157} INFO - Dependencies all met for dep_context=non-requeueable deps ti=<TaskInstance: 01-SpaceX.NASAConfirmation scheduled__2023-09-05T00:00:00+00:00 [queued]>
[2023-09-25T14:10:11.344+0000] {taskinstance.py:1157} INFO - Dependencies all met for dep_context=requeueable deps ti=<TaskInstance: 01-SpaceX.NASAConfirmation scheduled__2023-09-05T00:00:00+00:00 [queued]>
[2023-09-25T14:10:11.346+0000] {taskinstance.py:1359} INFO - Starting attempt 1 of 3
[2023-09-25T14:10:11.369+0000] {taskinstance.py:1380} INFO - Executing <Task(BashOperator): NASAConfirmation> on 2023-09-05 00:00:00+00:00
[2023-09-25T14:10:11.376+0000] {standard_task_runner.py:57} INFO - Started process 865 to run task
[2023-09-25T14:10:11.380+0000] {standard_task_runner.py:84} INFO - Running: ['***', 'tasks', 'run', '01-SpaceX', 'NASAConfirmation', 'scheduled__2023-09-05T00:00:00+00:00', '--job-id', '7', '--raw', '--subdir', 'DAGS_FOLDER/01-SpaceX.py', '--cfg-path', '/tmp/tmp1n9f9_u4']
[2023-09-25T14:10:11.382+0000] {standard_task_runner.py:85} INFO - Job 7: Subtask NASAConfirmation
[2023-09-25T14:10:11.443+0000] {task_command.py:415} INFO - Running <TaskInstance: 01-SpaceX.NASAConfirmation scheduled__2023-09-05T00:00:00+00:00 [running]> on host b8f985bf58b5
[2023-09-25T14:10:11.521+0000] {taskinstance.py:1660} INFO - Exporting env vars: AIRFLOW_CTX_DAG_OWNER='***' AIRFLOW_CTX_DAG_ID='01-SpaceX' AIRFLOW_CTX_TASK_ID='NASAConfirmation' AIRFLOW_CTX_EXECUTION_DATE='2023-09-05T00:00:00+00:00' AIRFLOW_CTX_TRY_NUMBER='1' AIRFLOW_CTX_DAG_RUN_ID='scheduled__2023-09-05T00:00:00+00:00'
[2023-09-25T14:10:11.523+0000] {subprocess.py:63} INFO - Tmp dir root location: /tmp
[2023-09-25T14:10:11.525+0000] {subprocess.py:75} INFO - Running command: ['/bin/bash', '-c', 'sleep 20 && echo "OK" >/tmp/response_20230905.txt']
[2023-09-25T14:10:11.536+0000] {subprocess.py:86} INFO - Output:
[2023-09-25T14:10:31.566+0000] {subprocess.py:97} INFO - Command exited with return code 0
[2023-09-25T14:10:31.609+0000] {taskinstance.py:1398} INFO - Marking task as SUCCESS. dag_id=01-SpaceX, task_id=NASAConfirmation, execution_date=20230905T000000, start_date=20230925T141011, end_date=20230925T141031
[2023-09-25T14:10:31.643+0000] {local_task_job_runner.py:228} INFO - Task exited with return code 0
[2023-09-25T14:10:31.658+0000] {taskinstance.py:2776} INFO - 0 downstream tasks scheduled from follow-on schedule check
[2023-09-25T14:32:26.971+0000] {taskinstance.py:1157} INFO - Dependencies all met for dep_context=non-requeueable deps ti=<TaskInstance: 01-SpaceX.NASAConfirmation scheduled__2023-09-05T00:00:00+00:00 [queued]>
[2023-09-25T14:32:27.009+0000] {taskinstance.py:1157} INFO - Dependencies all met for dep_context=requeueable deps ti=<TaskInstance: 01-SpaceX.NASAConfirmation scheduled__2023-09-05T00:00:00+00:00 [queued]>
[2023-09-25T14:32:27.011+0000] {taskinstance.py:1359} INFO - Starting attempt 1 of 3
[2023-09-25T14:32:27.037+0000] {taskinstance.py:1380} INFO - Executing <Task(BashOperator): NASAConfirmation> on 2023-09-05 00:00:00+00:00
[2023-09-25T14:32:27.088+0000] {standard_task_runner.py:57} INFO - Started process 1272 to run task
[2023-09-25T14:32:27.092+0000] {standard_task_runner.py:84} INFO - Running: ['***', 'tasks', 'run', '01-SpaceX', 'NASAConfirmation', 'scheduled__2023-09-05T00:00:00+00:00', '--job-id', '29', '--raw', '--subdir', 'DAGS_FOLDER/01-SpaceX.py', '--cfg-path', '/tmp/tmpkr4haqxo']
[2023-09-25T14:32:27.094+0000] {standard_task_runner.py:85} INFO - Job 29: Subtask NASAConfirmation
[2023-09-25T14:32:27.164+0000] {task_command.py:415} INFO - Running <TaskInstance: 01-SpaceX.NASAConfirmation scheduled__2023-09-05T00:00:00+00:00 [running]> on host b8f985bf58b5
[2023-09-25T14:32:27.278+0000] {taskinstance.py:1660} INFO - Exporting env vars: AIRFLOW_CTX_DAG_OWNER='***' AIRFLOW_CTX_DAG_ID='01-SpaceX' AIRFLOW_CTX_TASK_ID='NASAConfirmation' AIRFLOW_CTX_EXECUTION_DATE='2023-09-05T00:00:00+00:00' AIRFLOW_CTX_TRY_NUMBER='1' AIRFLOW_CTX_DAG_RUN_ID='scheduled__2023-09-05T00:00:00+00:00'
[2023-09-25T14:32:27.286+0000] {subprocess.py:63} INFO - Tmp dir root location: /tmp
[2023-09-25T14:32:27.289+0000] {subprocess.py:75} INFO - Running command: ['/bin/bash', '-c', 'sleep 20 && echo "OK" >/tmp/response_20230905.txt']
[2023-09-25T14:32:27.307+0000] {subprocess.py:86} INFO - Output:
[2023-09-25T14:32:47.379+0000] {subprocess.py:97} INFO - Command exited with return code 0
[2023-09-25T14:32:47.416+0000] {taskinstance.py:1398} INFO - Marking task as SUCCESS. dag_id=01-SpaceX, task_id=NASAConfirmation, execution_date=20230905T000000, start_date=20230925T143226, end_date=20230925T143247
[2023-09-25T14:32:47.449+0000] {local_task_job_runner.py:228} INFO - Task exited with return code 0
[2023-09-25T14:32:47.481+0000] {taskinstance.py:2776} INFO - 1 downstream tasks scheduled from follow-on schedule check
