[2023-09-25T14:31:34.224+0000] {taskinstance.py:1157} INFO - Dependencies all met for dep_context=non-requeueable deps ti=<TaskInstance: 01-SpaceX.GetSpaceXData scheduled__2023-09-02T00:00:00+00:00 [queued]>
[2023-09-25T14:31:34.248+0000] {taskinstance.py:1157} INFO - Dependencies all met for dep_context=requeueable deps ti=<TaskInstance: 01-SpaceX.GetSpaceXData scheduled__2023-09-02T00:00:00+00:00 [queued]>
[2023-09-25T14:31:34.249+0000] {taskinstance.py:1359} INFO - Starting attempt 1 of 3
[2023-09-25T14:31:34.267+0000] {taskinstance.py:1380} INFO - Executing <Task(BashOperator): GetSpaceXData> on 2023-09-02 00:00:00+00:00
[2023-09-25T14:31:34.275+0000] {standard_task_runner.py:57} INFO - Started process 1236 to run task
[2023-09-25T14:31:34.281+0000] {standard_task_runner.py:84} INFO - Running: ['***', 'tasks', 'run', '01-SpaceX', 'GetSpaceXData', 'scheduled__2023-09-02T00:00:00+00:00', '--job-id', '24', '--raw', '--subdir', 'DAGS_FOLDER/01-SpaceX.py', '--cfg-path', '/tmp/tmp0oxcrr0j']
[2023-09-25T14:31:34.283+0000] {standard_task_runner.py:85} INFO - Job 24: Subtask GetSpaceXData
[2023-09-25T14:31:34.350+0000] {task_command.py:415} INFO - Running <TaskInstance: 01-SpaceX.GetSpaceXData scheduled__2023-09-02T00:00:00+00:00 [running]> on host b8f985bf58b5
[2023-09-25T14:31:34.446+0000] {taskinstance.py:1660} INFO - Exporting env vars: AIRFLOW_CTX_DAG_OWNER='***' AIRFLOW_CTX_DAG_ID='01-SpaceX' AIRFLOW_CTX_TASK_ID='GetSpaceXData' AIRFLOW_CTX_EXECUTION_DATE='2023-09-02T00:00:00+00:00' AIRFLOW_CTX_TRY_NUMBER='1' AIRFLOW_CTX_DAG_RUN_ID='scheduled__2023-09-02T00:00:00+00:00'
[2023-09-25T14:31:34.461+0000] {subprocess.py:63} INFO - Tmp dir root location: /tmp
[2023-09-25T14:31:34.464+0000] {subprocess.py:75} INFO - Running command: ['/bin/bash', '-c', "curl -o /tmp/history.json -L 'https://api.spacexdata.com/v4/history'"]
[2023-09-25T14:31:34.481+0000] {subprocess.py:86} INFO - Output:
[2023-09-25T14:31:34.601+0000] {subprocess.py:93} INFO -   % Total    % Received % Xferd  Average Speed   Time    Time     Time  Current
[2023-09-25T14:31:34.602+0000] {subprocess.py:93} INFO -                                  Dload  Upload   Total   Spent    Left  Speed
[2023-09-25T14:31:35.019+0000] {subprocess.py:93} INFO -   0     0    0     0    0     0      0      0 --:--:-- --:--:-- --:--:--     0100  6756    0  6756    0     0  16240      0 --:--:-- --:--:-- --:--:-- 16240
[2023-09-25T14:31:35.047+0000] {subprocess.py:97} INFO - Command exited with return code 0
[2023-09-25T14:31:35.113+0000] {taskinstance.py:1398} INFO - Marking task as SUCCESS. dag_id=01-SpaceX, task_id=GetSpaceXData, execution_date=20230902T000000, start_date=20230925T143134, end_date=20230925T143135
[2023-09-25T14:31:35.180+0000] {local_task_job_runner.py:228} INFO - Task exited with return code 0
[2023-09-25T14:31:35.236+0000] {taskinstance.py:2776} INFO - 0 downstream tasks scheduled from follow-on schedule check
[2023-09-26T09:07:30.812+0000] {taskinstance.py:1157} INFO - Dependencies all met for dep_context=non-requeueable deps ti=<TaskInstance: 01-SpaceX.GetSpaceXData scheduled__2023-09-02T00:00:00+00:00 [queued]>
[2023-09-26T09:07:30.848+0000] {taskinstance.py:1157} INFO - Dependencies all met for dep_context=requeueable deps ti=<TaskInstance: 01-SpaceX.GetSpaceXData scheduled__2023-09-02T00:00:00+00:00 [queued]>
[2023-09-26T09:07:30.850+0000] {taskinstance.py:1359} INFO - Starting attempt 1 of 3
[2023-09-26T09:07:30.877+0000] {taskinstance.py:1380} INFO - Executing <Task(BashOperator): GetSpaceXData> on 2023-09-02 00:00:00+00:00
[2023-09-26T09:07:30.886+0000] {standard_task_runner.py:57} INFO - Started process 111 to run task
[2023-09-26T09:07:30.891+0000] {standard_task_runner.py:84} INFO - Running: ['***', 'tasks', 'run', '01-SpaceX', 'GetSpaceXData', 'scheduled__2023-09-02T00:00:00+00:00', '--job-id', '39', '--raw', '--subdir', 'DAGS_FOLDER/01-SpaceX.py', '--cfg-path', '/tmp/tmpn509tq3j']
[2023-09-26T09:07:30.893+0000] {standard_task_runner.py:85} INFO - Job 39: Subtask GetSpaceXData
[2023-09-26T09:07:30.963+0000] {task_command.py:415} INFO - Running <TaskInstance: 01-SpaceX.GetSpaceXData scheduled__2023-09-02T00:00:00+00:00 [running]> on host b8f985bf58b5
[2023-09-26T09:07:31.064+0000] {taskinstance.py:1660} INFO - Exporting env vars: AIRFLOW_CTX_DAG_OWNER='***' AIRFLOW_CTX_DAG_ID='01-SpaceX' AIRFLOW_CTX_TASK_ID='GetSpaceXData' AIRFLOW_CTX_EXECUTION_DATE='2023-09-02T00:00:00+00:00' AIRFLOW_CTX_TRY_NUMBER='1' AIRFLOW_CTX_DAG_RUN_ID='scheduled__2023-09-02T00:00:00+00:00'
[2023-09-26T09:07:31.067+0000] {subprocess.py:63} INFO - Tmp dir root location: /tmp
[2023-09-26T09:07:31.069+0000] {subprocess.py:75} INFO - Running command: ['/bin/bash', '-c', "curl -o /tmp/history.json -L 'https://api.spacexdata.com/v4/history'"]
[2023-09-26T09:07:31.084+0000] {subprocess.py:86} INFO - Output:
[2023-09-26T09:07:31.094+0000] {subprocess.py:93} INFO -   % Total    % Received % Xferd  Average Speed   Time    Time     Time  Current
[2023-09-26T09:07:31.095+0000] {subprocess.py:93} INFO -                                  Dload  Upload   Total   Spent    Left  Speed
[2023-09-26T09:07:31.282+0000] {subprocess.py:93} INFO -   0     0    0     0    0     0      0      0 --:--:-- --:--:-- --:--:--     0100  6756    0  6756    0     0  35936      0 --:--:-- --:--:-- --:--:-- 36128
[2023-09-26T09:07:31.286+0000] {subprocess.py:97} INFO - Command exited with return code 0
[2023-09-26T09:07:31.323+0000] {taskinstance.py:1398} INFO - Marking task as SUCCESS. dag_id=01-SpaceX, task_id=GetSpaceXData, execution_date=20230902T000000, start_date=20230926T090730, end_date=20230926T090731
[2023-09-26T09:07:31.388+0000] {local_task_job_runner.py:228} INFO - Task exited with return code 0
[2023-09-26T09:07:31.409+0000] {taskinstance.py:2776} INFO - 0 downstream tasks scheduled from follow-on schedule check
[2023-09-26T12:03:30.593+0000] {taskinstance.py:1157} INFO - Dependencies all met for dep_context=non-requeueable deps ti=<TaskInstance: 01-SpaceX.GetSpaceXData scheduled__2023-09-02T00:00:00+00:00 [queued]>
[2023-09-26T12:03:30.607+0000] {taskinstance.py:1157} INFO - Dependencies all met for dep_context=requeueable deps ti=<TaskInstance: 01-SpaceX.GetSpaceXData scheduled__2023-09-02T00:00:00+00:00 [queued]>
[2023-09-26T12:03:30.608+0000] {taskinstance.py:1359} INFO - Starting attempt 1 of 3
[2023-09-26T12:03:30.622+0000] {taskinstance.py:1380} INFO - Executing <Task(BashOperator): GetSpaceXData> on 2023-09-02 00:00:00+00:00
[2023-09-26T12:03:30.633+0000] {standard_task_runner.py:57} INFO - Started process 2789 to run task
[2023-09-26T12:03:30.636+0000] {standard_task_runner.py:84} INFO - Running: ['***', 'tasks', 'run', '01-SpaceX', 'GetSpaceXData', 'scheduled__2023-09-02T00:00:00+00:00', '--job-id', '49', '--raw', '--subdir', 'DAGS_FOLDER/01-SpaceX.py', '--cfg-path', '/tmp/tmp1jw4ohmc']
[2023-09-26T12:03:30.637+0000] {standard_task_runner.py:85} INFO - Job 49: Subtask GetSpaceXData
[2023-09-26T12:03:30.696+0000] {task_command.py:415} INFO - Running <TaskInstance: 01-SpaceX.GetSpaceXData scheduled__2023-09-02T00:00:00+00:00 [running]> on host b8f985bf58b5
[2023-09-26T12:03:30.780+0000] {taskinstance.py:1660} INFO - Exporting env vars: AIRFLOW_CTX_DAG_OWNER='***' AIRFLOW_CTX_DAG_ID='01-SpaceX' AIRFLOW_CTX_TASK_ID='GetSpaceXData' AIRFLOW_CTX_EXECUTION_DATE='2023-09-02T00:00:00+00:00' AIRFLOW_CTX_TRY_NUMBER='1' AIRFLOW_CTX_DAG_RUN_ID='scheduled__2023-09-02T00:00:00+00:00'
[2023-09-26T12:03:30.782+0000] {subprocess.py:63} INFO - Tmp dir root location: /tmp
[2023-09-26T12:03:30.783+0000] {subprocess.py:75} INFO - Running command: ['/bin/bash', '-c', "curl -o /tmp/history.json -L 'https://api.spacexdata.com/v4/history'"]
[2023-09-26T12:03:30.802+0000] {subprocess.py:86} INFO - Output:
[2023-09-26T12:03:30.812+0000] {subprocess.py:93} INFO -   % Total    % Received % Xferd  Average Speed   Time    Time     Time  Current
[2023-09-26T12:03:30.813+0000] {subprocess.py:93} INFO -                                  Dload  Upload   Total   Spent    Left  Speed
[2023-09-26T12:03:31.034+0000] {subprocess.py:93} INFO -   0     0    0     0    0     0      0      0 --:--:-- --:--:-- --:--:--     0100  6756    0  6756    0     0  30432      0 --:--:-- --:--:-- --:--:-- 30432
[2023-09-26T12:03:31.038+0000] {subprocess.py:97} INFO - Command exited with return code 0
[2023-09-26T12:03:31.070+0000] {taskinstance.py:1398} INFO - Marking task as SUCCESS. dag_id=01-SpaceX, task_id=GetSpaceXData, execution_date=20230902T000000, start_date=20230926T120330, end_date=20230926T120331
[2023-09-26T12:03:31.131+0000] {local_task_job_runner.py:228} INFO - Task exited with return code 0
[2023-09-26T12:03:31.152+0000] {taskinstance.py:2776} INFO - 1 downstream tasks scheduled from follow-on schedule check
[2023-09-26T13:26:29.019+0000] {taskinstance.py:1157} INFO - Dependencies all met for dep_context=non-requeueable deps ti=<TaskInstance: 01-SpaceX.GetSpaceXData scheduled__2023-09-02T00:00:00+00:00 [queued]>
[2023-09-26T13:26:29.052+0000] {taskinstance.py:1157} INFO - Dependencies all met for dep_context=requeueable deps ti=<TaskInstance: 01-SpaceX.GetSpaceXData scheduled__2023-09-02T00:00:00+00:00 [queued]>
[2023-09-26T13:26:29.053+0000] {taskinstance.py:1359} INFO - Starting attempt 1 of 3
[2023-09-26T13:26:29.069+0000] {taskinstance.py:1380} INFO - Executing <Task(BashOperator): GetSpaceXData> on 2023-09-02 00:00:00+00:00
[2023-09-26T13:26:29.076+0000] {standard_task_runner.py:57} INFO - Started process 190 to run task
[2023-09-26T13:26:29.079+0000] {standard_task_runner.py:84} INFO - Running: ['***', 'tasks', 'run', '01-SpaceX', 'GetSpaceXData', 'scheduled__2023-09-02T00:00:00+00:00', '--job-id', '66', '--raw', '--subdir', 'DAGS_FOLDER/01-SpaceX.py', '--cfg-path', '/tmp/tmplw7ffe6k']
[2023-09-26T13:26:29.084+0000] {standard_task_runner.py:85} INFO - Job 66: Subtask GetSpaceXData
[2023-09-26T13:26:29.153+0000] {task_command.py:415} INFO - Running <TaskInstance: 01-SpaceX.GetSpaceXData scheduled__2023-09-02T00:00:00+00:00 [running]> on host b8f985bf58b5
[2023-09-26T13:26:29.443+0000] {taskinstance.py:1660} INFO - Exporting env vars: AIRFLOW_CTX_DAG_OWNER='***' AIRFLOW_CTX_DAG_ID='01-SpaceX' AIRFLOW_CTX_TASK_ID='GetSpaceXData' AIRFLOW_CTX_EXECUTION_DATE='2023-09-02T00:00:00+00:00' AIRFLOW_CTX_TRY_NUMBER='1' AIRFLOW_CTX_DAG_RUN_ID='scheduled__2023-09-02T00:00:00+00:00'
[2023-09-26T13:26:29.445+0000] {subprocess.py:63} INFO - Tmp dir root location: /tmp
[2023-09-26T13:26:29.447+0000] {subprocess.py:75} INFO - Running command: ['/bin/bash', '-c', "curl -o /tmp/history.json -L 'https://api.spacexdata.com/v4/history'"]
[2023-09-26T13:26:29.463+0000] {subprocess.py:86} INFO - Output:
[2023-09-26T13:26:29.473+0000] {subprocess.py:93} INFO -   % Total    % Received % Xferd  Average Speed   Time    Time     Time  Current
[2023-09-26T13:26:29.474+0000] {subprocess.py:93} INFO -                                  Dload  Upload   Total   Spent    Left  Speed
[2023-09-26T13:26:29.659+0000] {subprocess.py:93} INFO -   0     0    0     0    0     0      0      0 --:--:-- --:--:-- --:--:--     0100  6756    0  6756    0     0  36518      0 --:--:-- --:--:-- --:--:-- 36518
[2023-09-26T13:26:29.666+0000] {subprocess.py:97} INFO - Command exited with return code 0
[2023-09-26T13:26:29.708+0000] {taskinstance.py:1398} INFO - Marking task as SUCCESS. dag_id=01-SpaceX, task_id=GetSpaceXData, execution_date=20230902T000000, start_date=20230926T132629, end_date=20230926T132629
[2023-09-26T13:26:29.816+0000] {local_task_job_runner.py:228} INFO - Task exited with return code 0
[2023-09-26T13:26:29.851+0000] {taskinstance.py:2776} INFO - 1 downstream tasks scheduled from follow-on schedule check
