[2023-09-25T14:10:33.707+0000] {taskinstance.py:1157} INFO - Dependencies all met for dep_context=non-requeueable deps ti=<TaskInstance: 01-SpaceX.NASAConfirmation scheduled__2023-09-06T00:00:00+00:00 [queued]>
[2023-09-25T14:10:33.717+0000] {taskinstance.py:1157} INFO - Dependencies all met for dep_context=requeueable deps ti=<TaskInstance: 01-SpaceX.NASAConfirmation scheduled__2023-09-06T00:00:00+00:00 [queued]>
[2023-09-25T14:10:33.719+0000] {taskinstance.py:1359} INFO - Starting attempt 1 of 3
[2023-09-25T14:10:33.734+0000] {taskinstance.py:1380} INFO - Executing <Task(BashOperator): NASAConfirmation> on 2023-09-06 00:00:00+00:00
[2023-09-25T14:10:33.742+0000] {standard_task_runner.py:57} INFO - Started process 869 to run task
[2023-09-25T14:10:33.746+0000] {standard_task_runner.py:84} INFO - Running: ['***', 'tasks', 'run', '01-SpaceX', 'NASAConfirmation', 'scheduled__2023-09-06T00:00:00+00:00', '--job-id', '8', '--raw', '--subdir', 'DAGS_FOLDER/01-SpaceX.py', '--cfg-path', '/tmp/tmpr13lz5nh']
[2023-09-25T14:10:33.747+0000] {standard_task_runner.py:85} INFO - Job 8: Subtask NASAConfirmation
[2023-09-25T14:10:33.816+0000] {task_command.py:415} INFO - Running <TaskInstance: 01-SpaceX.NASAConfirmation scheduled__2023-09-06T00:00:00+00:00 [running]> on host b8f985bf58b5
[2023-09-25T14:10:33.950+0000] {taskinstance.py:1660} INFO - Exporting env vars: AIRFLOW_CTX_DAG_OWNER='***' AIRFLOW_CTX_DAG_ID='01-SpaceX' AIRFLOW_CTX_TASK_ID='NASAConfirmation' AIRFLOW_CTX_EXECUTION_DATE='2023-09-06T00:00:00+00:00' AIRFLOW_CTX_TRY_NUMBER='1' AIRFLOW_CTX_DAG_RUN_ID='scheduled__2023-09-06T00:00:00+00:00'
[2023-09-25T14:10:33.955+0000] {subprocess.py:63} INFO - Tmp dir root location: /tmp
[2023-09-25T14:10:33.957+0000] {subprocess.py:75} INFO - Running command: ['/bin/bash', '-c', 'sleep 20 && echo "OK" >/tmp/response_20230906.txt']
[2023-09-25T14:10:33.971+0000] {subprocess.py:86} INFO - Output:
[2023-09-25T14:10:53.995+0000] {subprocess.py:97} INFO - Command exited with return code 0
[2023-09-25T14:10:54.022+0000] {taskinstance.py:1398} INFO - Marking task as SUCCESS. dag_id=01-SpaceX, task_id=NASAConfirmation, execution_date=20230906T000000, start_date=20230925T141033, end_date=20230925T141054
[2023-09-25T14:10:54.076+0000] {local_task_job_runner.py:228} INFO - Task exited with return code 0
[2023-09-25T14:10:54.093+0000] {taskinstance.py:2776} INFO - 0 downstream tasks scheduled from follow-on schedule check
[2023-09-25T14:32:51.464+0000] {taskinstance.py:1157} INFO - Dependencies all met for dep_context=non-requeueable deps ti=<TaskInstance: 01-SpaceX.NASAConfirmation scheduled__2023-09-06T00:00:00+00:00 [queued]>
[2023-09-25T14:32:51.487+0000] {taskinstance.py:1157} INFO - Dependencies all met for dep_context=requeueable deps ti=<TaskInstance: 01-SpaceX.NASAConfirmation scheduled__2023-09-06T00:00:00+00:00 [queued]>
[2023-09-25T14:32:51.488+0000] {taskinstance.py:1359} INFO - Starting attempt 1 of 3
[2023-09-25T14:32:51.502+0000] {taskinstance.py:1380} INFO - Executing <Task(BashOperator): NASAConfirmation> on 2023-09-06 00:00:00+00:00
[2023-09-25T14:32:51.508+0000] {standard_task_runner.py:57} INFO - Started process 1280 to run task
[2023-09-25T14:32:51.511+0000] {standard_task_runner.py:84} INFO - Running: ['***', 'tasks', 'run', '01-SpaceX', 'NASAConfirmation', 'scheduled__2023-09-06T00:00:00+00:00', '--job-id', '31', '--raw', '--subdir', 'DAGS_FOLDER/01-SpaceX.py', '--cfg-path', '/tmp/tmpqhcdo4wc']
[2023-09-25T14:32:51.513+0000] {standard_task_runner.py:85} INFO - Job 31: Subtask NASAConfirmation
[2023-09-25T14:32:51.579+0000] {task_command.py:415} INFO - Running <TaskInstance: 01-SpaceX.NASAConfirmation scheduled__2023-09-06T00:00:00+00:00 [running]> on host b8f985bf58b5
[2023-09-25T14:32:51.674+0000] {taskinstance.py:1660} INFO - Exporting env vars: AIRFLOW_CTX_DAG_OWNER='***' AIRFLOW_CTX_DAG_ID='01-SpaceX' AIRFLOW_CTX_TASK_ID='NASAConfirmation' AIRFLOW_CTX_EXECUTION_DATE='2023-09-06T00:00:00+00:00' AIRFLOW_CTX_TRY_NUMBER='1' AIRFLOW_CTX_DAG_RUN_ID='scheduled__2023-09-06T00:00:00+00:00'
[2023-09-25T14:32:51.676+0000] {subprocess.py:63} INFO - Tmp dir root location: /tmp
[2023-09-25T14:32:51.687+0000] {subprocess.py:75} INFO - Running command: ['/bin/bash', '-c', 'sleep 20 && echo "OK" >/tmp/response_20230906.txt']
[2023-09-25T14:32:51.697+0000] {subprocess.py:86} INFO - Output:
[2023-09-25T14:33:11.725+0000] {subprocess.py:97} INFO - Command exited with return code 0
[2023-09-25T14:33:11.762+0000] {taskinstance.py:1398} INFO - Marking task as SUCCESS. dag_id=01-SpaceX, task_id=NASAConfirmation, execution_date=20230906T000000, start_date=20230925T143251, end_date=20230925T143311
[2023-09-25T14:33:11.799+0000] {local_task_job_runner.py:228} INFO - Task exited with return code 0
[2023-09-25T14:33:11.827+0000] {taskinstance.py:2776} INFO - 1 downstream tasks scheduled from follow-on schedule check
