[2023-09-25T14:09:05.116+0000] {taskinstance.py:1157} INFO - Dependencies all met for dep_context=non-requeueable deps ti=<TaskInstance: 01-SpaceX.NASAConfirmation scheduled__2023-09-02T00:00:00+00:00 [queued]>
[2023-09-25T14:09:05.129+0000] {taskinstance.py:1157} INFO - Dependencies all met for dep_context=requeueable deps ti=<TaskInstance: 01-SpaceX.NASAConfirmation scheduled__2023-09-02T00:00:00+00:00 [queued]>
[2023-09-25T14:09:05.130+0000] {taskinstance.py:1359} INFO - Starting attempt 1 of 3
[2023-09-25T14:09:05.147+0000] {taskinstance.py:1380} INFO - Executing <Task(BashOperator): NASAConfirmation> on 2023-09-02 00:00:00+00:00
[2023-09-25T14:09:05.155+0000] {standard_task_runner.py:57} INFO - Started process 837 to run task
[2023-09-25T14:09:05.161+0000] {standard_task_runner.py:84} INFO - Running: ['***', 'tasks', 'run', '01-SpaceX', 'NASAConfirmation', 'scheduled__2023-09-02T00:00:00+00:00', '--job-id', '4', '--raw', '--subdir', 'DAGS_FOLDER/01-SpaceX.py', '--cfg-path', '/tmp/tmpccivaffu']
[2023-09-25T14:09:05.163+0000] {standard_task_runner.py:85} INFO - Job 4: Subtask NASAConfirmation
[2023-09-25T14:09:05.229+0000] {task_command.py:415} INFO - Running <TaskInstance: 01-SpaceX.NASAConfirmation scheduled__2023-09-02T00:00:00+00:00 [running]> on host b8f985bf58b5
[2023-09-25T14:09:05.341+0000] {taskinstance.py:1660} INFO - Exporting env vars: AIRFLOW_CTX_DAG_OWNER='***' AIRFLOW_CTX_DAG_ID='01-SpaceX' AIRFLOW_CTX_TASK_ID='NASAConfirmation' AIRFLOW_CTX_EXECUTION_DATE='2023-09-02T00:00:00+00:00' AIRFLOW_CTX_TRY_NUMBER='1' AIRFLOW_CTX_DAG_RUN_ID='scheduled__2023-09-02T00:00:00+00:00'
[2023-09-25T14:09:05.353+0000] {subprocess.py:63} INFO - Tmp dir root location: /tmp
[2023-09-25T14:09:05.355+0000] {subprocess.py:75} INFO - Running command: ['/bin/bash', '-c', 'sleep 20 && echo "OK" >/tmp/response_20230902.txt']
[2023-09-25T14:09:05.368+0000] {subprocess.py:86} INFO - Output:
[2023-09-25T14:09:25.395+0000] {subprocess.py:97} INFO - Command exited with return code 0
[2023-09-25T14:09:25.426+0000] {taskinstance.py:1398} INFO - Marking task as SUCCESS. dag_id=01-SpaceX, task_id=NASAConfirmation, execution_date=20230902T000000, start_date=20230925T140905, end_date=20230925T140925
[2023-09-25T14:09:25.465+0000] {local_task_job_runner.py:228} INFO - Task exited with return code 0
[2023-09-25T14:09:25.481+0000] {taskinstance.py:2776} INFO - 0 downstream tasks scheduled from follow-on schedule check
[2023-09-25T14:31:12.637+0000] {taskinstance.py:1157} INFO - Dependencies all met for dep_context=non-requeueable deps ti=<TaskInstance: 01-SpaceX.NASAConfirmation scheduled__2023-09-02T00:00:00+00:00 [queued]>
[2023-09-25T14:31:12.655+0000] {taskinstance.py:1157} INFO - Dependencies all met for dep_context=requeueable deps ti=<TaskInstance: 01-SpaceX.NASAConfirmation scheduled__2023-09-02T00:00:00+00:00 [queued]>
[2023-09-25T14:31:12.657+0000] {taskinstance.py:1359} INFO - Starting attempt 1 of 3
[2023-09-25T14:31:12.671+0000] {taskinstance.py:1380} INFO - Executing <Task(BashOperator): NASAConfirmation> on 2023-09-02 00:00:00+00:00
[2023-09-25T14:31:12.677+0000] {standard_task_runner.py:57} INFO - Started process 1232 to run task
[2023-09-25T14:31:12.682+0000] {standard_task_runner.py:84} INFO - Running: ['***', 'tasks', 'run', '01-SpaceX', 'NASAConfirmation', 'scheduled__2023-09-02T00:00:00+00:00', '--job-id', '23', '--raw', '--subdir', 'DAGS_FOLDER/01-SpaceX.py', '--cfg-path', '/tmp/tmpox1snppx']
[2023-09-25T14:31:12.684+0000] {standard_task_runner.py:85} INFO - Job 23: Subtask NASAConfirmation
[2023-09-25T14:31:12.742+0000] {task_command.py:415} INFO - Running <TaskInstance: 01-SpaceX.NASAConfirmation scheduled__2023-09-02T00:00:00+00:00 [running]> on host b8f985bf58b5
[2023-09-25T14:31:12.831+0000] {taskinstance.py:1660} INFO - Exporting env vars: AIRFLOW_CTX_DAG_OWNER='***' AIRFLOW_CTX_DAG_ID='01-SpaceX' AIRFLOW_CTX_TASK_ID='NASAConfirmation' AIRFLOW_CTX_EXECUTION_DATE='2023-09-02T00:00:00+00:00' AIRFLOW_CTX_TRY_NUMBER='1' AIRFLOW_CTX_DAG_RUN_ID='scheduled__2023-09-02T00:00:00+00:00'
[2023-09-25T14:31:12.840+0000] {subprocess.py:63} INFO - Tmp dir root location: /tmp
[2023-09-25T14:31:12.842+0000] {subprocess.py:75} INFO - Running command: ['/bin/bash', '-c', 'sleep 20 && echo "OK" >/tmp/response_20230902.txt']
[2023-09-25T14:31:12.856+0000] {subprocess.py:86} INFO - Output:
[2023-09-25T14:31:32.926+0000] {subprocess.py:97} INFO - Command exited with return code 0
[2023-09-25T14:31:32.965+0000] {taskinstance.py:1398} INFO - Marking task as SUCCESS. dag_id=01-SpaceX, task_id=NASAConfirmation, execution_date=20230902T000000, start_date=20230925T143112, end_date=20230925T143132
[2023-09-25T14:31:33.004+0000] {local_task_job_runner.py:228} INFO - Task exited with return code 0
[2023-09-25T14:31:33.049+0000] {taskinstance.py:2776} INFO - 1 downstream tasks scheduled from follow-on schedule check
[2023-09-26T09:07:08.116+0000] {taskinstance.py:1157} INFO - Dependencies all met for dep_context=non-requeueable deps ti=<TaskInstance: 01-SpaceX.NASAConfirmation scheduled__2023-09-02T00:00:00+00:00 [queued]>
[2023-09-26T09:07:08.135+0000] {taskinstance.py:1157} INFO - Dependencies all met for dep_context=requeueable deps ti=<TaskInstance: 01-SpaceX.NASAConfirmation scheduled__2023-09-02T00:00:00+00:00 [queued]>
[2023-09-26T09:07:08.136+0000] {taskinstance.py:1359} INFO - Starting attempt 1 of 3
[2023-09-26T09:07:08.152+0000] {taskinstance.py:1380} INFO - Executing <Task(BashOperator): NASAConfirmation> on 2023-09-02 00:00:00+00:00
[2023-09-26T09:07:08.160+0000] {standard_task_runner.py:57} INFO - Started process 95 to run task
[2023-09-26T09:07:08.164+0000] {standard_task_runner.py:84} INFO - Running: ['***', 'tasks', 'run', '01-SpaceX', 'NASAConfirmation', 'scheduled__2023-09-02T00:00:00+00:00', '--job-id', '37', '--raw', '--subdir', 'DAGS_FOLDER/01-SpaceX.py', '--cfg-path', '/tmp/tmpu6uhpd5n']
[2023-09-26T09:07:08.166+0000] {standard_task_runner.py:85} INFO - Job 37: Subtask NASAConfirmation
[2023-09-26T09:07:08.223+0000] {task_command.py:415} INFO - Running <TaskInstance: 01-SpaceX.NASAConfirmation scheduled__2023-09-02T00:00:00+00:00 [running]> on host b8f985bf58b5
[2023-09-26T09:07:08.331+0000] {taskinstance.py:1660} INFO - Exporting env vars: AIRFLOW_CTX_DAG_OWNER='***' AIRFLOW_CTX_DAG_ID='01-SpaceX' AIRFLOW_CTX_TASK_ID='NASAConfirmation' AIRFLOW_CTX_EXECUTION_DATE='2023-09-02T00:00:00+00:00' AIRFLOW_CTX_TRY_NUMBER='1' AIRFLOW_CTX_DAG_RUN_ID='scheduled__2023-09-02T00:00:00+00:00'
[2023-09-26T09:07:08.335+0000] {subprocess.py:63} INFO - Tmp dir root location: /tmp
[2023-09-26T09:07:08.336+0000] {subprocess.py:75} INFO - Running command: ['/bin/bash', '-c', 'sleep 20 && echo "OK" >/tmp/response_20230902.txt']
[2023-09-26T09:07:08.351+0000] {subprocess.py:86} INFO - Output:
[2023-09-26T09:07:28.358+0000] {subprocess.py:97} INFO - Command exited with return code 0
[2023-09-26T09:07:28.395+0000] {taskinstance.py:1398} INFO - Marking task as SUCCESS. dag_id=01-SpaceX, task_id=NASAConfirmation, execution_date=20230902T000000, start_date=20230926T090708, end_date=20230926T090728
[2023-09-26T09:07:28.545+0000] {local_task_job_runner.py:228} INFO - Task exited with return code 0
[2023-09-26T09:07:28.596+0000] {taskinstance.py:2776} INFO - 1 downstream tasks scheduled from follow-on schedule check
[2023-09-26T12:03:07.486+0000] {taskinstance.py:1157} INFO - Dependencies all met for dep_context=non-requeueable deps ti=<TaskInstance: 01-SpaceX.NASAConfirmation scheduled__2023-09-02T00:00:00+00:00 [queued]>
[2023-09-26T12:03:07.693+0000] {taskinstance.py:1157} INFO - Dependencies all met for dep_context=requeueable deps ti=<TaskInstance: 01-SpaceX.NASAConfirmation scheduled__2023-09-02T00:00:00+00:00 [queued]>
[2023-09-26T12:03:07.694+0000] {taskinstance.py:1359} INFO - Starting attempt 1 of 3
[2023-09-26T12:03:07.715+0000] {taskinstance.py:1380} INFO - Executing <Task(BashOperator): NASAConfirmation> on 2023-09-02 00:00:00+00:00
[2023-09-26T12:03:07.721+0000] {standard_task_runner.py:57} INFO - Started process 2781 to run task
[2023-09-26T12:03:07.726+0000] {standard_task_runner.py:84} INFO - Running: ['***', 'tasks', 'run', '01-SpaceX', 'NASAConfirmation', 'scheduled__2023-09-02T00:00:00+00:00', '--job-id', '47', '--raw', '--subdir', 'DAGS_FOLDER/01-SpaceX.py', '--cfg-path', '/tmp/tmpayjy5p69']
[2023-09-26T12:03:07.728+0000] {standard_task_runner.py:85} INFO - Job 47: Subtask NASAConfirmation
[2023-09-26T12:03:07.806+0000] {task_command.py:415} INFO - Running <TaskInstance: 01-SpaceX.NASAConfirmation scheduled__2023-09-02T00:00:00+00:00 [running]> on host b8f985bf58b5
[2023-09-26T12:03:08.168+0000] {taskinstance.py:1660} INFO - Exporting env vars: AIRFLOW_CTX_DAG_OWNER='***' AIRFLOW_CTX_DAG_ID='01-SpaceX' AIRFLOW_CTX_TASK_ID='NASAConfirmation' AIRFLOW_CTX_EXECUTION_DATE='2023-09-02T00:00:00+00:00' AIRFLOW_CTX_TRY_NUMBER='1' AIRFLOW_CTX_DAG_RUN_ID='scheduled__2023-09-02T00:00:00+00:00'
[2023-09-26T12:03:08.170+0000] {subprocess.py:63} INFO - Tmp dir root location: /tmp
[2023-09-26T12:03:08.172+0000] {subprocess.py:75} INFO - Running command: ['/bin/bash', '-c', 'sleep 20 && echo "OK" >/tmp/response_20230902.txt']
[2023-09-26T12:03:08.414+0000] {subprocess.py:86} INFO - Output:
[2023-09-26T12:03:28.423+0000] {subprocess.py:97} INFO - Command exited with return code 0
[2023-09-26T12:03:28.466+0000] {taskinstance.py:1398} INFO - Marking task as SUCCESS. dag_id=01-SpaceX, task_id=NASAConfirmation, execution_date=20230902T000000, start_date=20230926T120307, end_date=20230926T120328
[2023-09-26T12:03:28.547+0000] {local_task_job_runner.py:228} INFO - Task exited with return code 0
[2023-09-26T12:03:28.584+0000] {taskinstance.py:2776} INFO - 1 downstream tasks scheduled from follow-on schedule check
[2023-09-26T13:26:05.705+0000] {taskinstance.py:1157} INFO - Dependencies all met for dep_context=non-requeueable deps ti=<TaskInstance: 01-SpaceX.NASAConfirmation scheduled__2023-09-02T00:00:00+00:00 [queued]>
[2023-09-26T13:26:05.820+0000] {taskinstance.py:1157} INFO - Dependencies all met for dep_context=requeueable deps ti=<TaskInstance: 01-SpaceX.NASAConfirmation scheduled__2023-09-02T00:00:00+00:00 [queued]>
[2023-09-26T13:26:05.821+0000] {taskinstance.py:1359} INFO - Starting attempt 1 of 3
[2023-09-26T13:26:05.841+0000] {taskinstance.py:1380} INFO - Executing <Task(BashOperator): NASAConfirmation> on 2023-09-02 00:00:00+00:00
[2023-09-26T13:26:05.849+0000] {standard_task_runner.py:57} INFO - Started process 172 to run task
[2023-09-26T13:26:05.854+0000] {standard_task_runner.py:84} INFO - Running: ['***', 'tasks', 'run', '01-SpaceX', 'NASAConfirmation', 'scheduled__2023-09-02T00:00:00+00:00', '--job-id', '64', '--raw', '--subdir', 'DAGS_FOLDER/01-SpaceX.py', '--cfg-path', '/tmp/tmphge05okc']
[2023-09-26T13:26:05.857+0000] {standard_task_runner.py:85} INFO - Job 64: Subtask NASAConfirmation
[2023-09-26T13:26:05.912+0000] {task_command.py:415} INFO - Running <TaskInstance: 01-SpaceX.NASAConfirmation scheduled__2023-09-02T00:00:00+00:00 [running]> on host b8f985bf58b5
[2023-09-26T13:26:06.198+0000] {taskinstance.py:1660} INFO - Exporting env vars: AIRFLOW_CTX_DAG_OWNER='***' AIRFLOW_CTX_DAG_ID='01-SpaceX' AIRFLOW_CTX_TASK_ID='NASAConfirmation' AIRFLOW_CTX_EXECUTION_DATE='2023-09-02T00:00:00+00:00' AIRFLOW_CTX_TRY_NUMBER='1' AIRFLOW_CTX_DAG_RUN_ID='scheduled__2023-09-02T00:00:00+00:00'
[2023-09-26T13:26:06.201+0000] {subprocess.py:63} INFO - Tmp dir root location: /tmp
[2023-09-26T13:26:06.204+0000] {subprocess.py:75} INFO - Running command: ['/bin/bash', '-c', 'sleep 20 && echo "OK" >/tmp/response_20230902.txt']
[2023-09-26T13:26:06.224+0000] {subprocess.py:86} INFO - Output:
[2023-09-26T13:26:26.229+0000] {subprocess.py:97} INFO - Command exited with return code 0
[2023-09-26T13:26:26.265+0000] {taskinstance.py:1398} INFO - Marking task as SUCCESS. dag_id=01-SpaceX, task_id=NASAConfirmation, execution_date=20230902T000000, start_date=20230926T132605, end_date=20230926T132626
[2023-09-26T13:26:26.436+0000] {local_task_job_runner.py:228} INFO - Task exited with return code 0
[2023-09-26T13:26:26.513+0000] {taskinstance.py:2776} INFO - 0 downstream tasks scheduled from follow-on schedule check
