[2023-09-25T14:31:59.077+0000] {taskinstance.py:1157} INFO - Dependencies all met for dep_context=non-requeueable deps ti=<TaskInstance: 01-SpaceX.GetSpaceXData scheduled__2023-09-03T00:00:00+00:00 [queued]>
[2023-09-25T14:31:59.093+0000] {taskinstance.py:1157} INFO - Dependencies all met for dep_context=requeueable deps ti=<TaskInstance: 01-SpaceX.GetSpaceXData scheduled__2023-09-03T00:00:00+00:00 [queued]>
[2023-09-25T14:31:59.094+0000] {taskinstance.py:1359} INFO - Starting attempt 1 of 3
[2023-09-25T14:31:59.112+0000] {taskinstance.py:1380} INFO - Executing <Task(BashOperator): GetSpaceXData> on 2023-09-03 00:00:00+00:00
[2023-09-25T14:31:59.118+0000] {standard_task_runner.py:57} INFO - Started process 1252 to run task
[2023-09-25T14:31:59.123+0000] {standard_task_runner.py:84} INFO - Running: ['***', 'tasks', 'run', '01-SpaceX', 'GetSpaceXData', 'scheduled__2023-09-03T00:00:00+00:00', '--job-id', '26', '--raw', '--subdir', 'DAGS_FOLDER/01-SpaceX.py', '--cfg-path', '/tmp/tmpvhb8as33']
[2023-09-25T14:31:59.126+0000] {standard_task_runner.py:85} INFO - Job 26: Subtask GetSpaceXData
[2023-09-25T14:31:59.190+0000] {task_command.py:415} INFO - Running <TaskInstance: 01-SpaceX.GetSpaceXData scheduled__2023-09-03T00:00:00+00:00 [running]> on host b8f985bf58b5
[2023-09-25T14:31:59.285+0000] {taskinstance.py:1660} INFO - Exporting env vars: AIRFLOW_CTX_DAG_OWNER='***' AIRFLOW_CTX_DAG_ID='01-SpaceX' AIRFLOW_CTX_TASK_ID='GetSpaceXData' AIRFLOW_CTX_EXECUTION_DATE='2023-09-03T00:00:00+00:00' AIRFLOW_CTX_TRY_NUMBER='1' AIRFLOW_CTX_DAG_RUN_ID='scheduled__2023-09-03T00:00:00+00:00'
[2023-09-25T14:31:59.307+0000] {subprocess.py:63} INFO - Tmp dir root location: /tmp
[2023-09-25T14:31:59.310+0000] {subprocess.py:75} INFO - Running command: ['/bin/bash', '-c', "curl -o /tmp/history.json -L 'https://api.spacexdata.com/v4/history'"]
[2023-09-25T14:31:59.330+0000] {subprocess.py:86} INFO - Output:
[2023-09-25T14:31:59.475+0000] {subprocess.py:93} INFO -   % Total    % Received % Xferd  Average Speed   Time    Time     Time  Current
[2023-09-25T14:31:59.476+0000] {subprocess.py:93} INFO -                                  Dload  Upload   Total   Spent    Left  Speed
[2023-09-25T14:31:59.866+0000] {subprocess.py:93} INFO -   0     0    0     0    0     0      0      0 --:--:-- --:--:-- --:--:--     0100  6756    0  6756    0     0  17323      0 --:--:-- --:--:-- --:--:-- 17323
[2023-09-25T14:31:59.874+0000] {subprocess.py:97} INFO - Command exited with return code 0
[2023-09-25T14:31:59.909+0000] {taskinstance.py:1398} INFO - Marking task as SUCCESS. dag_id=01-SpaceX, task_id=GetSpaceXData, execution_date=20230903T000000, start_date=20230925T143159, end_date=20230925T143159
[2023-09-25T14:31:59.940+0000] {local_task_job_runner.py:228} INFO - Task exited with return code 0
[2023-09-25T14:31:59.960+0000] {taskinstance.py:2776} INFO - 0 downstream tasks scheduled from follow-on schedule check
[2023-09-26T09:07:55.252+0000] {taskinstance.py:1157} INFO - Dependencies all met for dep_context=non-requeueable deps ti=<TaskInstance: 01-SpaceX.GetSpaceXData scheduled__2023-09-03T00:00:00+00:00 [queued]>
[2023-09-26T09:07:55.277+0000] {taskinstance.py:1157} INFO - Dependencies all met for dep_context=requeueable deps ti=<TaskInstance: 01-SpaceX.GetSpaceXData scheduled__2023-09-03T00:00:00+00:00 [queued]>
[2023-09-26T09:07:55.278+0000] {taskinstance.py:1359} INFO - Starting attempt 1 of 3
[2023-09-26T09:07:55.296+0000] {taskinstance.py:1380} INFO - Executing <Task(BashOperator): GetSpaceXData> on 2023-09-03 00:00:00+00:00
[2023-09-26T09:07:55.305+0000] {standard_task_runner.py:57} INFO - Started process 123 to run task
[2023-09-26T09:07:55.309+0000] {standard_task_runner.py:84} INFO - Running: ['***', 'tasks', 'run', '01-SpaceX', 'GetSpaceXData', 'scheduled__2023-09-03T00:00:00+00:00', '--job-id', '42', '--raw', '--subdir', 'DAGS_FOLDER/01-SpaceX.py', '--cfg-path', '/tmp/tmpbcntqcsm']
[2023-09-26T09:07:55.310+0000] {standard_task_runner.py:85} INFO - Job 42: Subtask GetSpaceXData
[2023-09-26T09:07:55.374+0000] {task_command.py:415} INFO - Running <TaskInstance: 01-SpaceX.GetSpaceXData scheduled__2023-09-03T00:00:00+00:00 [running]> on host b8f985bf58b5
[2023-09-26T09:07:55.487+0000] {taskinstance.py:1660} INFO - Exporting env vars: AIRFLOW_CTX_DAG_OWNER='***' AIRFLOW_CTX_DAG_ID='01-SpaceX' AIRFLOW_CTX_TASK_ID='GetSpaceXData' AIRFLOW_CTX_EXECUTION_DATE='2023-09-03T00:00:00+00:00' AIRFLOW_CTX_TRY_NUMBER='1' AIRFLOW_CTX_DAG_RUN_ID='scheduled__2023-09-03T00:00:00+00:00'
[2023-09-26T09:07:55.489+0000] {subprocess.py:63} INFO - Tmp dir root location: /tmp
[2023-09-26T09:07:55.490+0000] {subprocess.py:75} INFO - Running command: ['/bin/bash', '-c', "curl -o /tmp/history.json -L 'https://api.spacexdata.com/v4/history'"]
[2023-09-26T09:07:55.507+0000] {subprocess.py:86} INFO - Output:
[2023-09-26T09:07:55.517+0000] {subprocess.py:93} INFO -   % Total    % Received % Xferd  Average Speed   Time    Time     Time  Current
[2023-09-26T09:07:55.519+0000] {subprocess.py:93} INFO -                                  Dload  Upload   Total   Spent    Left  Speed
[2023-09-26T09:07:55.716+0000] {subprocess.py:93} INFO -   0     0    0     0    0     0      0      0 --:--:-- --:--:-- --:--:--     0100  6756    0  6756    0     0  33949      0 --:--:-- --:--:-- --:--:-- 34121
[2023-09-26T09:07:55.721+0000] {subprocess.py:97} INFO - Command exited with return code 0
[2023-09-26T09:07:55.760+0000] {taskinstance.py:1398} INFO - Marking task as SUCCESS. dag_id=01-SpaceX, task_id=GetSpaceXData, execution_date=20230903T000000, start_date=20230926T090755, end_date=20230926T090755
[2023-09-26T09:07:55.805+0000] {local_task_job_runner.py:228} INFO - Task exited with return code 0
[2023-09-26T09:07:55.823+0000] {taskinstance.py:2776} INFO - 0 downstream tasks scheduled from follow-on schedule check
[2023-09-26T12:03:57.198+0000] {taskinstance.py:1157} INFO - Dependencies all met for dep_context=non-requeueable deps ti=<TaskInstance: 01-SpaceX.GetSpaceXData scheduled__2023-09-03T00:00:00+00:00 [queued]>
[2023-09-26T12:03:57.213+0000] {taskinstance.py:1157} INFO - Dependencies all met for dep_context=requeueable deps ti=<TaskInstance: 01-SpaceX.GetSpaceXData scheduled__2023-09-03T00:00:00+00:00 [queued]>
[2023-09-26T12:03:57.214+0000] {taskinstance.py:1359} INFO - Starting attempt 1 of 3
[2023-09-26T12:03:57.233+0000] {taskinstance.py:1380} INFO - Executing <Task(BashOperator): GetSpaceXData> on 2023-09-03 00:00:00+00:00
[2023-09-26T12:03:57.240+0000] {standard_task_runner.py:57} INFO - Started process 2813 to run task
[2023-09-26T12:03:57.243+0000] {standard_task_runner.py:84} INFO - Running: ['***', 'tasks', 'run', '01-SpaceX', 'GetSpaceXData', 'scheduled__2023-09-03T00:00:00+00:00', '--job-id', '53', '--raw', '--subdir', 'DAGS_FOLDER/01-SpaceX.py', '--cfg-path', '/tmp/tmphaa6ua3v']
[2023-09-26T12:03:57.245+0000] {standard_task_runner.py:85} INFO - Job 53: Subtask GetSpaceXData
[2023-09-26T12:03:57.299+0000] {task_command.py:415} INFO - Running <TaskInstance: 01-SpaceX.GetSpaceXData scheduled__2023-09-03T00:00:00+00:00 [running]> on host b8f985bf58b5
[2023-09-26T12:03:57.383+0000] {taskinstance.py:1660} INFO - Exporting env vars: AIRFLOW_CTX_DAG_OWNER='***' AIRFLOW_CTX_DAG_ID='01-SpaceX' AIRFLOW_CTX_TASK_ID='GetSpaceXData' AIRFLOW_CTX_EXECUTION_DATE='2023-09-03T00:00:00+00:00' AIRFLOW_CTX_TRY_NUMBER='1' AIRFLOW_CTX_DAG_RUN_ID='scheduled__2023-09-03T00:00:00+00:00'
[2023-09-26T12:03:57.385+0000] {subprocess.py:63} INFO - Tmp dir root location: /tmp
[2023-09-26T12:03:57.387+0000] {subprocess.py:75} INFO - Running command: ['/bin/bash', '-c', "curl -o /tmp/history.json -L 'https://api.spacexdata.com/v4/history'"]
[2023-09-26T12:03:57.401+0000] {subprocess.py:86} INFO - Output:
[2023-09-26T12:03:57.412+0000] {subprocess.py:93} INFO -   % Total    % Received % Xferd  Average Speed   Time    Time     Time  Current
[2023-09-26T12:03:57.413+0000] {subprocess.py:93} INFO -                                  Dload  Upload   Total   Spent    Left  Speed
[2023-09-26T12:03:57.648+0000] {subprocess.py:93} INFO -   0     0    0     0    0     0      0      0 --:--:-- --:--:-- --:--:--     0  0     0    0     0    0     0      0      0 --:--:-- --:--:-- --:--:--     0100  6756    0  6756    0     0  28627      0 --:--:-- --:--:-- --:--:-- 28506
[2023-09-26T12:03:57.652+0000] {subprocess.py:97} INFO - Command exited with return code 0
[2023-09-26T12:03:57.680+0000] {taskinstance.py:1398} INFO - Marking task as SUCCESS. dag_id=01-SpaceX, task_id=GetSpaceXData, execution_date=20230903T000000, start_date=20230926T120357, end_date=20230926T120357
[2023-09-26T12:03:57.819+0000] {local_task_job_runner.py:228} INFO - Task exited with return code 0
[2023-09-26T12:03:57.843+0000] {taskinstance.py:2776} INFO - 1 downstream tasks scheduled from follow-on schedule check
[2023-09-26T13:27:02.765+0000] {taskinstance.py:1157} INFO - Dependencies all met for dep_context=non-requeueable deps ti=<TaskInstance: 01-SpaceX.GetSpaceXData scheduled__2023-09-03T00:00:00+00:00 [queued]>
[2023-09-26T13:27:02.832+0000] {taskinstance.py:1157} INFO - Dependencies all met for dep_context=requeueable deps ti=<TaskInstance: 01-SpaceX.GetSpaceXData scheduled__2023-09-03T00:00:00+00:00 [queued]>
[2023-09-26T13:27:02.833+0000] {taskinstance.py:1359} INFO - Starting attempt 1 of 3
[2023-09-26T13:27:02.857+0000] {taskinstance.py:1380} INFO - Executing <Task(BashOperator): GetSpaceXData> on 2023-09-03 00:00:00+00:00
[2023-09-26T13:27:02.864+0000] {standard_task_runner.py:57} INFO - Started process 229 to run task
[2023-09-26T13:27:02.867+0000] {standard_task_runner.py:84} INFO - Running: ['***', 'tasks', 'run', '01-SpaceX', 'GetSpaceXData', 'scheduled__2023-09-03T00:00:00+00:00', '--job-id', '73', '--raw', '--subdir', 'DAGS_FOLDER/01-SpaceX.py', '--cfg-path', '/tmp/tmp3j411epa']
[2023-09-26T13:27:02.871+0000] {standard_task_runner.py:85} INFO - Job 73: Subtask GetSpaceXData
[2023-09-26T13:27:02.922+0000] {task_command.py:415} INFO - Running <TaskInstance: 01-SpaceX.GetSpaceXData scheduled__2023-09-03T00:00:00+00:00 [running]> on host b8f985bf58b5
[2023-09-26T13:27:03.174+0000] {taskinstance.py:1660} INFO - Exporting env vars: AIRFLOW_CTX_DAG_OWNER='***' AIRFLOW_CTX_DAG_ID='01-SpaceX' AIRFLOW_CTX_TASK_ID='GetSpaceXData' AIRFLOW_CTX_EXECUTION_DATE='2023-09-03T00:00:00+00:00' AIRFLOW_CTX_TRY_NUMBER='1' AIRFLOW_CTX_DAG_RUN_ID='scheduled__2023-09-03T00:00:00+00:00'
[2023-09-26T13:27:03.176+0000] {subprocess.py:63} INFO - Tmp dir root location: /tmp
[2023-09-26T13:27:03.178+0000] {subprocess.py:75} INFO - Running command: ['/bin/bash', '-c', "curl -o /tmp/history.json -L 'https://api.spacexdata.com/v4/history'"]
[2023-09-26T13:27:03.193+0000] {subprocess.py:86} INFO - Output:
[2023-09-26T13:27:03.202+0000] {subprocess.py:93} INFO -   % Total    % Received % Xferd  Average Speed   Time    Time     Time  Current
[2023-09-26T13:27:03.203+0000] {subprocess.py:93} INFO -                                  Dload  Upload   Total   Spent    Left  Speed
[2023-09-26T13:27:03.387+0000] {subprocess.py:93} INFO -   0     0    0     0    0     0      0      0 --:--:-- --:--:-- --:--:--     0100  6756    0  6756    0     0  36717      0 --:--:-- --:--:-- --:--:-- 36717
[2023-09-26T13:27:03.399+0000] {subprocess.py:97} INFO - Command exited with return code 0
[2023-09-26T13:27:03.434+0000] {taskinstance.py:1398} INFO - Marking task as SUCCESS. dag_id=01-SpaceX, task_id=GetSpaceXData, execution_date=20230903T000000, start_date=20230926T132702, end_date=20230926T132703
[2023-09-26T13:27:03.484+0000] {local_task_job_runner.py:228} INFO - Task exited with return code 0
[2023-09-26T13:27:03.510+0000] {taskinstance.py:2776} INFO - 1 downstream tasks scheduled from follow-on schedule check
