[2023-09-26T13:27:07.880+0000] {taskinstance.py:1157} INFO - Dependencies all met for dep_context=non-requeueable deps ti=<TaskInstance: 01-SpaceX.ReadSatelliteResponse scheduled__2023-09-03T00:00:00+00:00 [queued]>
[2023-09-26T13:27:07.889+0000] {taskinstance.py:1157} INFO - Dependencies all met for dep_context=requeueable deps ti=<TaskInstance: 01-SpaceX.ReadSatelliteResponse scheduled__2023-09-03T00:00:00+00:00 [queued]>
[2023-09-26T13:27:07.890+0000] {taskinstance.py:1359} INFO - Starting attempt 1 of 3
[2023-09-26T13:27:07.908+0000] {taskinstance.py:1380} INFO - Executing <Task(BashOperator): ReadSatelliteResponse> on 2023-09-03 00:00:00+00:00
[2023-09-26T13:27:07.915+0000] {standard_task_runner.py:57} INFO - Started process 242 to run task
[2023-09-26T13:27:07.919+0000] {standard_task_runner.py:84} INFO - Running: ['***', 'tasks', 'run', '01-SpaceX', 'ReadSatelliteResponse', 'scheduled__2023-09-03T00:00:00+00:00', '--job-id', '76', '--raw', '--subdir', 'DAGS_FOLDER/01-SpaceX.py', '--cfg-path', '/tmp/tmpa_6rca79']
[2023-09-26T13:27:07.922+0000] {standard_task_runner.py:85} INFO - Job 76: Subtask ReadSatelliteResponse
[2023-09-26T13:27:07.975+0000] {task_command.py:415} INFO - Running <TaskInstance: 01-SpaceX.ReadSatelliteResponse scheduled__2023-09-03T00:00:00+00:00 [running]> on host b8f985bf58b5
[2023-09-26T13:27:08.218+0000] {taskinstance.py:1660} INFO - Exporting env vars: AIRFLOW_CTX_DAG_OWNER='***' AIRFLOW_CTX_DAG_ID='01-SpaceX' AIRFLOW_CTX_TASK_ID='ReadSatelliteResponse' AIRFLOW_CTX_EXECUTION_DATE='2023-09-03T00:00:00+00:00' AIRFLOW_CTX_TRY_NUMBER='1' AIRFLOW_CTX_DAG_RUN_ID='scheduled__2023-09-03T00:00:00+00:00'
[2023-09-26T13:27:08.220+0000] {subprocess.py:63} INFO - Tmp dir root location: /tmp
[2023-09-26T13:27:08.227+0000] {subprocess.py:75} INFO - Running command: ['/bin/bash', '-c', 'ls /tmp && head /tmp/platzi_data_20230903.csv']
[2023-09-26T13:27:08.240+0000] {subprocess.py:86} INFO - Output:
[2023-09-26T13:27:08.244+0000] {subprocess.py:93} INFO - ***tmp6c9i30s2
[2023-09-26T13:27:08.245+0000] {subprocess.py:93} INFO - history.json
[2023-09-26T13:27:08.246+0000] {subprocess.py:93} INFO - platzi_data_20230901.csv
[2023-09-26T13:27:08.247+0000] {subprocess.py:93} INFO - platzi_data_20230902.csv
[2023-09-26T13:27:08.247+0000] {subprocess.py:93} INFO - platzi_data_20230903.csv
[2023-09-26T13:27:08.248+0000] {subprocess.py:93} INFO - pymp-ckakgnj_
[2023-09-26T13:27:08.249+0000] {subprocess.py:93} INFO - response_20230901.txt
[2023-09-26T13:27:08.250+0000] {subprocess.py:93} INFO - response_20230902.txt
[2023-09-26T13:27:08.250+0000] {subprocess.py:93} INFO - response_20230903.txt
[2023-09-26T13:27:08.251+0000] {subprocess.py:93} INFO - response_20230904.txt
[2023-09-26T13:27:08.252+0000] {subprocess.py:93} INFO - response_20230905.txt
[2023-09-26T13:27:08.253+0000] {subprocess.py:93} INFO - response_20230906.txt
[2023-09-26T13:27:08.253+0000] {subprocess.py:93} INFO - response_20230907.txt
[2023-09-26T13:27:08.254+0000] {subprocess.py:93} INFO - response_20230908.txt
[2023-09-26T13:27:08.255+0000] {subprocess.py:93} INFO - response_20230909.txt
[2023-09-26T13:27:08.256+0000] {subprocess.py:93} INFO - response_20230910.txt
[2023-09-26T13:27:08.256+0000] {subprocess.py:93} INFO - response_20230911.txt
[2023-09-26T13:27:08.257+0000] {subprocess.py:93} INFO - response_20230912.txt
[2023-09-26T13:27:08.258+0000] {subprocess.py:93} INFO - response_20230913.txt
[2023-09-26T13:27:08.258+0000] {subprocess.py:93} INFO - response_20230914.txt
[2023-09-26T13:27:08.259+0000] {subprocess.py:93} INFO - response_20230915.txt
[2023-09-26T13:27:08.260+0000] {subprocess.py:93} INFO - response_20230916.txt
[2023-09-26T13:27:08.261+0000] {subprocess.py:93} INFO - response_20230917.txt
[2023-09-26T13:27:08.261+0000] {subprocess.py:93} INFO - response_20230918.txt
[2023-09-26T13:27:08.262+0000] {subprocess.py:93} INFO - tmpfgysybgv
[2023-09-26T13:27:08.263+0000] {subprocess.py:93} INFO - ,student,timestamp
[2023-09-26T13:27:08.263+0000] {subprocess.py:93} INFO - 0,Maria Cruz,2023-09-03 00:00:00+00:00
[2023-09-26T13:27:08.265+0000] {subprocess.py:93} INFO - 1,Daniel Crema,2023-09-03 00:00:00+00:00
[2023-09-26T13:27:08.265+0000] {subprocess.py:93} INFO - 2,Elon Musk,2023-09-03 00:00:00+00:00
[2023-09-26T13:27:08.266+0000] {subprocess.py:93} INFO - 3,Karol Castrejon,2023-09-03 00:00:00+00:00
[2023-09-26T13:27:08.267+0000] {subprocess.py:93} INFO - 4,Freddy Vega,2023-09-03 00:00:00+00:00
[2023-09-26T13:27:08.267+0000] {subprocess.py:97} INFO - Command exited with return code 0
[2023-09-26T13:27:08.294+0000] {taskinstance.py:1398} INFO - Marking task as SUCCESS. dag_id=01-SpaceX, task_id=ReadSatelliteResponse, execution_date=20230903T000000, start_date=20230926T132707, end_date=20230926T132708
[2023-09-26T13:27:08.333+0000] {local_task_job_runner.py:228} INFO - Task exited with return code 0
[2023-09-26T13:27:08.353+0000] {taskinstance.py:2776} INFO - 1 downstream tasks scheduled from follow-on schedule check
