[2023-09-26T13:26:34.625+0000] {taskinstance.py:1157} INFO - Dependencies all met for dep_context=non-requeueable deps ti=<TaskInstance: 01-SpaceX.ReadSatelliteResponse scheduled__2023-09-02T00:00:00+00:00 [queued]>
[2023-09-26T13:26:34.636+0000] {taskinstance.py:1157} INFO - Dependencies all met for dep_context=requeueable deps ti=<TaskInstance: 01-SpaceX.ReadSatelliteResponse scheduled__2023-09-02T00:00:00+00:00 [queued]>
[2023-09-26T13:26:34.637+0000] {taskinstance.py:1359} INFO - Starting attempt 1 of 3
[2023-09-26T13:26:34.656+0000] {taskinstance.py:1380} INFO - Executing <Task(BashOperator): ReadSatelliteResponse> on 2023-09-02 00:00:00+00:00
[2023-09-26T13:26:34.666+0000] {standard_task_runner.py:57} INFO - Started process 203 to run task
[2023-09-26T13:26:34.669+0000] {standard_task_runner.py:84} INFO - Running: ['***', 'tasks', 'run', '01-SpaceX', 'ReadSatelliteResponse', 'scheduled__2023-09-02T00:00:00+00:00', '--job-id', '69', '--raw', '--subdir', 'DAGS_FOLDER/01-SpaceX.py', '--cfg-path', '/tmp/tmps0gh__lq']
[2023-09-26T13:26:34.674+0000] {standard_task_runner.py:85} INFO - Job 69: Subtask ReadSatelliteResponse
[2023-09-26T13:26:34.733+0000] {task_command.py:415} INFO - Running <TaskInstance: 01-SpaceX.ReadSatelliteResponse scheduled__2023-09-02T00:00:00+00:00 [running]> on host b8f985bf58b5
[2023-09-26T13:26:35.016+0000] {taskinstance.py:1660} INFO - Exporting env vars: AIRFLOW_CTX_DAG_OWNER='***' AIRFLOW_CTX_DAG_ID='01-SpaceX' AIRFLOW_CTX_TASK_ID='ReadSatelliteResponse' AIRFLOW_CTX_EXECUTION_DATE='2023-09-02T00:00:00+00:00' AIRFLOW_CTX_TRY_NUMBER='1' AIRFLOW_CTX_DAG_RUN_ID='scheduled__2023-09-02T00:00:00+00:00'
[2023-09-26T13:26:35.019+0000] {subprocess.py:63} INFO - Tmp dir root location: /tmp
[2023-09-26T13:26:35.026+0000] {subprocess.py:75} INFO - Running command: ['/bin/bash', '-c', 'ls /tmp && head /tmp/platzi_data_20230902.csv']
[2023-09-26T13:26:35.043+0000] {subprocess.py:86} INFO - Output:
[2023-09-26T13:26:35.048+0000] {subprocess.py:93} INFO - ***tmpzh12mkdv
[2023-09-26T13:26:35.049+0000] {subprocess.py:93} INFO - history.json
[2023-09-26T13:26:35.050+0000] {subprocess.py:93} INFO - platzi_data_20230901.csv
[2023-09-26T13:26:35.051+0000] {subprocess.py:93} INFO - platzi_data_20230902.csv
[2023-09-26T13:26:35.051+0000] {subprocess.py:93} INFO - pymp-ckakgnj_
[2023-09-26T13:26:35.052+0000] {subprocess.py:93} INFO - response_20230901.txt
[2023-09-26T13:26:35.053+0000] {subprocess.py:93} INFO - response_20230902.txt
[2023-09-26T13:26:35.055+0000] {subprocess.py:93} INFO - response_20230903.txt
[2023-09-26T13:26:35.055+0000] {subprocess.py:93} INFO - response_20230904.txt
[2023-09-26T13:26:35.056+0000] {subprocess.py:93} INFO - response_20230905.txt
[2023-09-26T13:26:35.057+0000] {subprocess.py:93} INFO - response_20230906.txt
[2023-09-26T13:26:35.058+0000] {subprocess.py:93} INFO - response_20230907.txt
[2023-09-26T13:26:35.059+0000] {subprocess.py:93} INFO - response_20230908.txt
[2023-09-26T13:26:35.060+0000] {subprocess.py:93} INFO - response_20230909.txt
[2023-09-26T13:26:35.061+0000] {subprocess.py:93} INFO - response_20230910.txt
[2023-09-26T13:26:35.062+0000] {subprocess.py:93} INFO - response_20230911.txt
[2023-09-26T13:26:35.063+0000] {subprocess.py:93} INFO - response_20230912.txt
[2023-09-26T13:26:35.064+0000] {subprocess.py:93} INFO - response_20230913.txt
[2023-09-26T13:26:35.065+0000] {subprocess.py:93} INFO - response_20230914.txt
[2023-09-26T13:26:35.065+0000] {subprocess.py:93} INFO - response_20230915.txt
[2023-09-26T13:26:35.066+0000] {subprocess.py:93} INFO - response_20230916.txt
[2023-09-26T13:26:35.067+0000] {subprocess.py:93} INFO - response_20230917.txt
[2023-09-26T13:26:35.067+0000] {subprocess.py:93} INFO - response_20230918.txt
[2023-09-26T13:26:35.068+0000] {subprocess.py:93} INFO - tmpfgysybgv
[2023-09-26T13:26:35.069+0000] {subprocess.py:93} INFO - ,student,timestamp
[2023-09-26T13:26:35.070+0000] {subprocess.py:93} INFO - 0,Maria Cruz,2023-09-02 00:00:00+00:00
[2023-09-26T13:26:35.071+0000] {subprocess.py:93} INFO - 1,Daniel Crema,2023-09-02 00:00:00+00:00
[2023-09-26T13:26:35.072+0000] {subprocess.py:93} INFO - 2,Elon Musk,2023-09-02 00:00:00+00:00
[2023-09-26T13:26:35.073+0000] {subprocess.py:93} INFO - 3,Karol Castrejon,2023-09-02 00:00:00+00:00
[2023-09-26T13:26:35.074+0000] {subprocess.py:93} INFO - 4,Freddy Vega,2023-09-02 00:00:00+00:00
[2023-09-26T13:26:35.075+0000] {subprocess.py:97} INFO - Command exited with return code 0
[2023-09-26T13:26:35.106+0000] {taskinstance.py:1398} INFO - Marking task as SUCCESS. dag_id=01-SpaceX, task_id=ReadSatelliteResponse, execution_date=20230902T000000, start_date=20230926T132634, end_date=20230926T132635
[2023-09-26T13:26:35.165+0000] {local_task_job_runner.py:228} INFO - Task exited with return code 0
[2023-09-26T13:26:35.188+0000] {taskinstance.py:2776} INFO - 1 downstream tasks scheduled from follow-on schedule check
